
[1m[46m RUN [49m[22m [36mv4.0.15 [39m[90m/Users/yuricoppe/Code/electron-apps-template[39m

Error: useSettings must be used within a SettingsProvider
    at useSettings (/Users/yuricoppe/Code/electron-apps-template/src/renderer/contexts/SettingsContext.jsx:131:11)
    at useLanguageStatus (/Users/yuricoppe/Code/electron-apps-template/src/renderer/hooks/useLanguageStatus.jsx:13:39)
    at AppShell (/Users/yuricoppe/Code/electron-apps-template/src/renderer/components/layout/AppShell.jsx:88:3)
    at renderWithHooks (/Users/yuricoppe/Code/electron-apps-template/node_modules/react-dom/cjs/react-dom.development.js:15486:18)
    at mountIndeterminateComponent (/Users/yuricoppe/Code/electron-apps-template/node_modules/react-dom/cjs/react-dom.development.js:20103:13)
    at beginWork (/Users/yuricoppe/Code/electron-apps-template/node_modules/react-dom/cjs/react-dom.development.js:21626:16)
    at HTMLUnknownElement.callCallback (/Users/yuricoppe/Code/electron-apps-template/node_modules/react-dom/cjs/react-dom.development.js:4164:14)
    at HTMLUnknownElement.callTheUserObjectsOperation (/Users/yuricoppe/Code/electron-apps-template/node_modules/jsdom/lib/jsdom/living/generated/EventListener.js:26:30)
    at innerInvokeEventListeners (/Users/yuricoppe/Code/electron-apps-template/node_modules/jsdom/lib/jsdom/living/events/EventTarget-impl.js:360:16)
    at invokeEventListeners (/Users/yuricoppe/Code/electron-apps-template/node_modules/jsdom/lib/jsdom/living/events/EventTarget-impl.js:296:3)
Error: useSettings must be used within a SettingsProvider
    at useSettings (/Users/yuricoppe/Code/electron-apps-template/src/renderer/contexts/SettingsContext.jsx:131:11)
    at useLanguageStatus (/Users/yuricoppe/Code/electron-apps-template/src/renderer/hooks/useLanguageStatus.jsx:13:39)
    at AppShell (/Users/yuricoppe/Code/electron-apps-template/src/renderer/components/layout/AppShell.jsx:88:3)
    at renderWithHooks (/Users/yuricoppe/Code/electron-apps-template/node_modules/react-dom/cjs/react-dom.development.js:15486:18)
    at mountIndeterminateComponent (/Users/yuricoppe/Code/electron-apps-template/node_modules/react-dom/cjs/react-dom.development.js:20103:13)
    at beginWork (/Users/yuricoppe/Code/electron-apps-template/node_modules/react-dom/cjs/react-dom.development.js:21626:16)
    at HTMLUnknownElement.callCallback (/Users/yuricoppe/Code/electron-apps-template/node_modules/react-dom/cjs/react-dom.development.js:4164:14)
    at HTMLUnknownElement.callTheUserObjectsOperation (/Users/yuricoppe/Code/electron-apps-template/node_modules/jsdom/lib/jsdom/living/generated/EventListener.js:26:30)
    at innerInvokeEventListeners (/Users/yuricoppe/Code/electron-apps-template/node_modules/jsdom/lib/jsdom/living/events/EventTarget-impl.js:360:16)
    at invokeEventListeners (/Users/yuricoppe/Code/electron-apps-template/node_modules/jsdom/lib/jsdom/living/events/EventTarget-impl.js:296:3)
[90mstderr[2m | test/unit/renderer/App.test.jsx[2m > [22m[2mApp Component[2m > [22m[2mdeve renderizar o componente App sem erros
[22m[39mThe above error occurred in the <AppShell> component:

    at AppShell (/Users/yuricoppe/Code/electron-apps-template/src/renderer/components/layout/AppShell.jsx:110:77)
    at ErrorBoundary (/Users/yuricoppe/Code/electron-apps-template/src/renderer/components/shared/ErrorBoundary.jsx:14:5)
    at App (/Users/yuricoppe/Code/electron-apps-template/src/renderer/App.jsx:27:73)

React will try to recreate this component tree from scratch using the error boundary you provided, ErrorBoundary.

Error: useSettings must be used within a SettingsProvider
    at useSettings (/Users/yuricoppe/Code/electron-apps-template/src/renderer/contexts/SettingsContext.jsx:131:11)
    at useLanguageStatus (/Users/yuricoppe/Code/electron-apps-template/src/renderer/hooks/useLanguageStatus.jsx:13:39)
    at AppShell (/Users/yuricoppe/Code/electron-apps-template/src/renderer/components/layout/AppShell.jsx:88:3)
    at renderWithHooks (/Users/yuricoppe/Code/electron-apps-template/node_modules/react-dom/cjs/react-dom.development.js:15486:18)
    at mountIndeterminateComponent (/Users/yuricoppe/Code/electron-apps-template/node_modules/react-dom/cjs/react-dom.development.js:20103:13)
    at beginWork (/Users/yuricoppe/Code/electron-apps-template/node_modules/react-dom/cjs/react-dom.development.js:21626:16)
    at HTMLUnknownElement.callCallback (/Users/yuricoppe/Code/electron-apps-template/node_modules/react-dom/cjs/react-dom.development.js:4164:14)
    at HTMLUnknownElement.callTheUserObjectsOperation (/Users/yuricoppe/Code/electron-apps-template/node_modules/jsdom/lib/jsdom/living/generated/EventListener.js:26:30)
    at innerInvokeEventListeners (/Users/yuricoppe/Code/electron-apps-template/node_modules/jsdom/lib/jsdom/living/events/EventTarget-impl.js:360:16)
    at invokeEventListeners (/Users/yuricoppe/Code/electron-apps-template/node_modules/jsdom/lib/jsdom/living/events/EventTarget-impl.js:296:3)
Error: useSettings must be used within a SettingsProvider
    at useSettings (/Users/yuricoppe/Code/electron-apps-template/src/renderer/contexts/SettingsContext.jsx:131:11)
    at useLanguageStatus (/Users/yuricoppe/Code/electron-apps-template/src/renderer/hooks/useLanguageStatus.jsx:13:39)
    at AppShell (/Users/yuricoppe/Code/electron-apps-template/src/renderer/components/layout/AppShell.jsx:88:3)
    at renderWithHooks (/Users/yuricoppe/Code/electron-apps-template/node_modules/react-dom/cjs/react-dom.development.js:15486:18)
    at mountIndeterminateComponent (/Users/yuricoppe/Code/electron-apps-template/node_modules/react-dom/cjs/react-dom.development.js:20103:13)
    at beginWork (/Users/yuricoppe/Code/electron-apps-template/node_modules/react-dom/cjs/react-dom.development.js:21626:16)
    at HTMLUnknownElement.callCallback (/Users/yuricoppe/Code/electron-apps-template/node_modules/react-dom/cjs/react-dom.development.js:4164:14)
    at HTMLUnknownElement.callTheUserObjectsOperation (/Users/yuricoppe/Code/electron-apps-template/node_modules/jsdom/lib/jsdom/living/generated/EventListener.js:26:30)
    at innerInvokeEventListeners (/Users/yuricoppe/Code/electron-apps-template/node_modules/jsdom/lib/jsdom/living/events/EventTarget-impl.js:360:16)
    at invokeEventListeners (/Users/yuricoppe/Code/electron-apps-template/node_modules/jsdom/lib/jsdom/living/events/EventTarget-impl.js:296:3)
[90mstderr[2m | test/unit/renderer/App.test.jsx[2m > [22m[2mApp Component[2m > [22m[2mdeve exibir o header com t√≠tulo
[22m[39mThe above error occurred in the <AppShell> component:

    at AppShell (/Users/yuricoppe/Code/electron-apps-template/src/renderer/components/layout/AppShell.jsx:110:77)
    at ErrorBoundary (/Users/yuricoppe/Code/electron-apps-template/src/renderer/components/shared/ErrorBoundary.jsx:14:5)
    at App (/Users/yuricoppe/Code/electron-apps-template/src/renderer/App.jsx:27:73)

React will try to recreate this component tree from scratch using the error boundary you provided, ErrorBoundary.

Error: useSettings must be used within a SettingsProvider
    at useSettings (/Users/yuricoppe/Code/electron-apps-template/src/renderer/contexts/SettingsContext.jsx:131:11)
    at useLanguageStatus (/Users/yuricoppe/Code/electron-apps-template/src/renderer/hooks/useLanguageStatus.jsx:13:39)
    at AppShell (/Users/yuricoppe/Code/electron-apps-template/src/renderer/components/layout/AppShell.jsx:88:3)
    at renderWithHooks (/Users/yuricoppe/Code/electron-apps-template/node_modules/react-dom/cjs/react-dom.development.js:15486:18)
    at mountIndeterminateComponent (/Users/yuricoppe/Code/electron-apps-template/node_modules/react-dom/cjs/react-dom.development.js:20103:13)
    at beginWork (/Users/yuricoppe/Code/electron-apps-template/node_modules/react-dom/cjs/react-dom.development.js:21626:16)
    at HTMLUnknownElement.callCallback (/Users/yuricoppe/Code/electron-apps-template/node_modules/react-dom/cjs/react-dom.development.js:4164:14)
    at HTMLUnknownElement.callTheUserObjectsOperation (/Users/yuricoppe/Code/electron-apps-template/node_modules/jsdom/lib/jsdom/living/generated/EventListener.js:26:30)
    at innerInvokeEventListeners (/Users/yuricoppe/Code/electron-apps-template/node_modules/jsdom/lib/jsdom/living/events/EventTarget-impl.js:360:16)
    at invokeEventListeners (/Users/yuricoppe/Code/electron-apps-template/node_modules/jsdom/lib/jsdom/living/events/EventTarget-impl.js:296:3)
Error: useSettings must be used within a SettingsProvider
    at useSettings (/Users/yuricoppe/Code/electron-apps-template/src/renderer/contexts/SettingsContext.jsx:131:11)
    at useLanguageStatus (/Users/yuricoppe/Code/electron-apps-template/src/renderer/hooks/useLanguageStatus.jsx:13:39)
    at AppShell (/Users/yuricoppe/Code/electron-apps-template/src/renderer/components/layout/AppShell.jsx:88:3)
    at renderWithHooks (/Users/yuricoppe/Code/electron-apps-template/node_modules/react-dom/cjs/react-dom.development.js:15486:18)
    at mountIndeterminateComponent (/Users/yuricoppe/Code/electron-apps-template/node_modules/react-dom/cjs/react-dom.development.js:20103:13)
    at beginWork (/Users/yuricoppe/Code/electron-apps-template/node_modules/react-dom/cjs/react-dom.development.js:21626:16)
    at HTMLUnknownElement.callCallback (/Users/yuricoppe/Code/electron-apps-template/node_modules/react-dom/cjs/react-dom.development.js:4164:14)
    at HTMLUnknownElement.callTheUserObjectsOperation (/Users/yuricoppe/Code/electron-apps-template/node_modules/jsdom/lib/jsdom/living/generated/EventListener.js:26:30)
    at innerInvokeEventListeners (/Users/yuricoppe/Code/electron-apps-template/node_modules/jsdom/lib/jsdom/living/events/EventTarget-impl.js:360:16)
    at invokeEventListeners (/Users/yuricoppe/Code/electron-apps-template/node_modules/jsdom/lib/jsdom/living/events/EventTarget-impl.js:296:3)
[90mstderr[2m | test/unit/renderer/App.test.jsx[2m > [22m[2mApp Component[2m > [22m[2mdeve exibir caracter√≠sticas da aplica√ß√£o
[22m[39mThe above error occurred in the <AppShell> component:

    at AppShell (/Users/yuricoppe/Code/electron-apps-template/src/renderer/components/layout/AppShell.jsx:110:77)
    at ErrorBoundary (/Users/yuricoppe/Code/electron-apps-template/src/renderer/components/shared/ErrorBoundary.jsx:14:5)
    at App (/Users/yuricoppe/Code/electron-apps-template/src/renderer/App.jsx:27:73)

React will try to recreate this component tree from scratch using the error boundary you provided, ErrorBoundary.

Error: useSettings must be used within a SettingsProvider
    at useSettings (/Users/yuricoppe/Code/electron-apps-template/src/renderer/contexts/SettingsContext.jsx:131:11)
    at useLanguageStatus (/Users/yuricoppe/Code/electron-apps-template/src/renderer/hooks/useLanguageStatus.jsx:13:39)
    at AppShell (/Users/yuricoppe/Code/electron-apps-template/src/renderer/components/layout/AppShell.jsx:88:3)
    at renderWithHooks (/Users/yuricoppe/Code/electron-apps-template/node_modules/react-dom/cjs/react-dom.development.js:15486:18)
    at mountIndeterminateComponent (/Users/yuricoppe/Code/electron-apps-template/node_modules/react-dom/cjs/react-dom.development.js:20103:13)
    at beginWork (/Users/yuricoppe/Code/electron-apps-template/node_modules/react-dom/cjs/react-dom.development.js:21626:16)
    at HTMLUnknownElement.callCallback (/Users/yuricoppe/Code/electron-apps-template/node_modules/react-dom/cjs/react-dom.development.js:4164:14)
    at HTMLUnknownElement.callTheUserObjectsOperation (/Users/yuricoppe/Code/electron-apps-template/node_modules/jsdom/lib/jsdom/living/generated/EventListener.js:26:30)
    at innerInvokeEventListeners (/Users/yuricoppe/Code/electron-apps-template/node_modules/jsdom/lib/jsdom/living/events/EventTarget-impl.js:360:16)
    at invokeEventListeners (/Users/yuricoppe/Code/electron-apps-template/node_modules/jsdom/lib/jsdom/living/events/EventTarget-impl.js:296:3)
Error: useSettings must be used within a SettingsProvider
    at useSettings (/Users/yuricoppe/Code/electron-apps-template/src/renderer/contexts/SettingsContext.jsx:131:11)
    at useLanguageStatus (/Users/yuricoppe/Code/electron-apps-template/src/renderer/hooks/useLanguageStatus.jsx:13:39)
    at AppShell (/Users/yuricoppe/Code/electron-apps-template/src/renderer/components/layout/AppShell.jsx:88:3)
    at renderWithHooks (/Users/yuricoppe/Code/electron-apps-template/node_modules/react-dom/cjs/react-dom.development.js:15486:18)
    at mountIndeterminateComponent (/Users/yuricoppe/Code/electron-apps-template/node_modules/react-dom/cjs/react-dom.development.js:20103:13)
    at beginWork (/Users/yuricoppe/Code/electron-apps-template/node_modules/react-dom/cjs/react-dom.development.js:21626:16)
    at HTMLUnknownElement.callCallback (/Users/yuricoppe/Code/electron-apps-template/node_modules/react-dom/cjs/react-dom.development.js:4164:14)
    at HTMLUnknownElement.callTheUserObjectsOperation (/Users/yuricoppe/Code/electron-apps-template/node_modules/jsdom/lib/jsdom/living/generated/EventListener.js:26:30)
    at innerInvokeEventListeners (/Users/yuricoppe/Code/electron-apps-template/node_modules/jsdom/lib/jsdom/living/events/EventTarget-impl.js:360:16)
    at invokeEventListeners (/Users/yuricoppe/Code/electron-apps-template/node_modules/jsdom/lib/jsdom/living/events/EventTarget-impl.js:296:3)
[90mstderr[2m | test/unit/renderer/App.test.jsx[2m > [22m[2mApp Component[2m > [22m[2mdeve mostrar bot√µes de navega√ß√£o
[22m[39mThe above error occurred in the <AppShell> component:

    at AppShell (/Users/yuricoppe/Code/electron-apps-template/src/renderer/components/layout/AppShell.jsx:110:77)
    at ErrorBoundary (/Users/yuricoppe/Code/electron-apps-template/src/renderer/components/shared/ErrorBoundary.jsx:14:5)
    at App (/Users/yuricoppe/Code/electron-apps-template/src/renderer/App.jsx:27:73)

React will try to recreate this component tree from scratch using the error boundary you provided, ErrorBoundary.

Error: useSettings must be used within a SettingsProvider
    at useSettings (/Users/yuricoppe/Code/electron-apps-template/src/renderer/contexts/SettingsContext.jsx:131:11)
    at useLanguageStatus (/Users/yuricoppe/Code/electron-apps-template/src/renderer/hooks/useLanguageStatus.jsx:13:39)
    at AppShell (/Users/yuricoppe/Code/electron-apps-template/src/renderer/components/layout/AppShell.jsx:88:3)
    at renderWithHooks (/Users/yuricoppe/Code/electron-apps-template/node_modules/react-dom/cjs/react-dom.development.js:15486:18)
    at mountIndeterminateComponent (/Users/yuricoppe/Code/electron-apps-template/node_modules/react-dom/cjs/react-dom.development.js:20103:13)
    at beginWork (/Users/yuricoppe/Code/electron-apps-template/node_modules/react-dom/cjs/react-dom.development.js:21626:16)
    at HTMLUnknownElement.callCallback (/Users/yuricoppe/Code/electron-apps-template/node_modules/react-dom/cjs/react-dom.development.js:4164:14)
    at HTMLUnknownElement.callTheUserObjectsOperation (/Users/yuricoppe/Code/electron-apps-template/node_modules/jsdom/lib/jsdom/living/generated/EventListener.js:26:30)
    at innerInvokeEventListeners (/Users/yuricoppe/Code/electron-apps-template/node_modules/jsdom/lib/jsdom/living/events/EventTarget-impl.js:360:16)
    at invokeEventListeners (/Users/yuricoppe/Code/electron-apps-template/node_modules/jsdom/lib/jsdom/living/events/EventTarget-impl.js:296:3)
Error: useSettings must be used within a SettingsProvider
    at useSettings (/Users/yuricoppe/Code/electron-apps-template/src/renderer/contexts/SettingsContext.jsx:131:11)
    at useLanguageStatus (/Users/yuricoppe/Code/electron-apps-template/src/renderer/hooks/useLanguageStatus.jsx:13:39)
    at AppShell (/Users/yuricoppe/Code/electron-apps-template/src/renderer/components/layout/AppShell.jsx:88:3)
    at renderWithHooks (/Users/yuricoppe/Code/electron-apps-template/node_modules/react-dom/cjs/react-dom.development.js:15486:18)
    at mountIndeterminateComponent (/Users/yuricoppe/Code/electron-apps-template/node_modules/react-dom/cjs/react-dom.development.js:20103:13)
    at beginWork (/Users/yuricoppe/Code/electron-apps-template/node_modules/react-dom/cjs/react-dom.development.js:21626:16)
    at HTMLUnknownElement.callCallback (/Users/yuricoppe/Code/electron-apps-template/node_modules/react-dom/cjs/react-dom.development.js:4164:14)
    at HTMLUnknownElement.callTheUserObjectsOperation (/Users/yuricoppe/Code/electron-apps-template/node_modules/jsdom/lib/jsdom/living/generated/EventListener.js:26:30)
    at innerInvokeEventListeners (/Users/yuricoppe/Code/electron-apps-template/node_modules/jsdom/lib/jsdom/living/events/EventTarget-impl.js:360:16)
    at invokeEventListeners (/Users/yuricoppe/Code/electron-apps-template/node_modules/jsdom/lib/jsdom/living/events/EventTarget-impl.js:296:3)
[90mstderr[2m | test/unit/renderer/App.test.jsx[2m > [22m[2mApp Component[2m > [22m[2mdeve renderizar a p√°gina inicial por padr√£o
[22m[39mThe above error occurred in the <AppShell> component:

    at AppShell (/Users/yuricoppe/Code/electron-apps-template/src/renderer/components/layout/AppShell.jsx:110:77)
    at ErrorBoundary (/Users/yuricoppe/Code/electron-apps-template/src/renderer/components/shared/ErrorBoundary.jsx:14:5)
    at App (/Users/yuricoppe/Code/electron-apps-template/src/renderer/App.jsx:27:73)

React will try to recreate this component tree from scratch using the error boundary you provided, ErrorBoundary.

 [31m‚ùØ[39m test/unit/renderer/App.test.jsx [2m([22m[2m5 tests[22m[2m | [22m[31m5 failed[39m[2m)[22m[33m 5034[2mms[22m[39m
[31m     [31m√ó[31m deve renderizar o componente App sem erros[39m[33m 1014[2mms[22m[39m
[31m     [31m√ó[31m deve exibir o header com t√≠tulo[39m[33m 1006[2mms[22m[39m
[31m     [31m√ó[31m deve exibir caracter√≠sticas da aplica√ß√£o[39m[33m 1004[2mms[22m[39m
[31m     [31m√ó[31m deve mostrar bot√µes de navega√ß√£o[39m[33m 1003[2mms[22m[39m
[31m     [31m√ó[31m deve renderizar a p√°gina inicial por padr√£o[39m[33m 1005[2mms[22m[39m

[31m‚éØ‚éØ‚éØ‚éØ‚éØ‚éØ‚éØ[39m[1m[41m Failed Tests 5 [49m[22m[31m‚éØ‚éØ‚éØ‚éØ‚éØ‚éØ‚éØ[39m

[41m[1m FAIL [22m[49m test/unit/renderer/App.test.jsx[2m > [22mApp Component[2m > [22mdeve renderizar o componente App sem erros
[31m[1mAssertionError[22m: promise rejected "TestingLibraryElementError: Unable to fin‚Ä¶" instead of resolving[39m
[36m [2m‚ùØ[22m test/unit/renderer/App.test.jsx:[2m10:50[22m[39m
    [90m  8| [39m    [34mrender[39m([33m<[39m[33mApp[39m [33m/[39m[33m>[39m)[33m;[39m
    [90m  9| [39m
    [90m 10| [39m    await expect(screen.findByText(/home.title/i)).resolves.toBeInTheD‚Ä¶
    [90m   | [39m                                                 [31m^[39m
    [90m 11| [39m  })[33m;[39m
    [90m 12| [39m

[31m[1mCaused by: TestingLibraryElementError[22m[39m: Unable to find an element with the text: /home.title/i. This could be because the text is broken up by multiple elements. In this case, you can provide a function for your text matcher to make your matcher more flexible.

Ignored nodes: comments, script, style
[36m<body>[39m
  [36m<div>[39m
    [36m<div[39m
      [33mclass[39m=[32m"min-h-screen flex items-center justify-center p-4 bg-background"[39m
    [36m>[39m
      [36m<div[39m
        [33mclass[39m=[32m"max-w-2xl w-full"[39m
      [36m>[39m
        [36m<div[39m
          [33mclass[39m=[32m"relative w-full rounded-lg border p-4 [&>svg~*]:pl-7 [&>svg+div]:translate-y-[-3px] [&>svg]:absolute [&>svg]:left-4 [&>svg]:top-4 border-red-200 bg-red-50 text-red-900 [&>svg]:text-red-600"[39m
          [33mrole[39m=[32m"alert"[39m
        [36m>[39m
          [36m<h5[39m
            [33mclass[39m=[32m"tracking-tight text-lg font-semibold mb-2"[39m
          [36m>[39m
            [0mSomething went wrong[0m
          [36m</h5>[39m
          [36m<div[39m
            [33mclass[39m=[32m"text-sm [&_p]:leading-relaxed"[39m
          [36m>[39m
            [36m<p[39m
              [33mclass[39m=[32m"mb-4"[39m
            [36m>[39m
              [0mAn unexpected error occurred in the application. This error has been logged and you can try to recover using one of the options below.[0m
            [36m</p>[39m
            [36m<div[39m
              [33mclass[39m=[32m"flex gap-2"[39m
            [36m>[39m
              [36m<button[39m
                [33mclass[39m=[32m"inline-flex items-center justify-center whitespace-nowrap rounded-md font-medium ring-offset-background transition-colors focus-visible:outline-none focus-visible:ring-2 focus-visible:ring-ring focus-visible:ring-offset-2 disabled:pointer-events-none disabled:opacity-50 bg-primary text-primary-foreground hover:bg-primary/90 active:bg-primary/80 h-8 px-3 text-xs"[39m
              [36m>[39m
                [0mTry Again[0m
              [36m</button>[39m
              [36m<button[39m
                [33mclass[39m=[32m"inline-flex items-center justify-center whitespace-nowrap rounded-md font-medium ring-offset-background transition-colors focus-visible:outline-none focus-visible:ring-2 focus-visible:ring-ring focus-visible:ring-offset-2 disabled:pointer-events-none disabled:opacity-50 border border-input bg-background hover:bg-accent hover:text-accent-foreground h-8 px-3 text-xs"[39m
              [36m>[39m
                [0mReload Application[0m
              [36m</button>[39m
            [36m</div>[39m
          [36m</div>[39m
        [36m</div>[39m
      [36m</div>[39m
    [36m</div>[39m
  [36m</div>[39m
[36m</body>[39m

Ignored nodes: comments, script, style
[36m<body>[39m
  [36m<div>[39m
    [36m<div[39m
      [33mclass[39m=[32m"min-h-screen flex items-center justify-center p-4 bg-background"[39m
    [36m>[39m
      [36m<div[39m
        [33mclass[39m=[32m"max-w-2xl w-full"[39m
      [36m>[39m
        [36m<div[39m
          [33mclass[39m=[32m"relative w-full rounded-lg border p-4 [&>svg~*]:pl-7 [&>svg+div]:translate-y-[-3px] [&>svg]:absolute [&>svg]:left-4 [&>svg]:top-4 border-red-200 bg-red-50 text-red-900 [&>svg]:text-red-600"[39m
          [33mrole[39m=[32m"alert"[39m
        [36m>[39m
          [36m<h5[39m
            [33mclass[39m=[32m"tracking-tight text-lg font-semibold mb-2"[39m
          [36m>[39m
            [0mSomething went wrong[0m
          [36m</h5>[39m
          [36m<div[39m
            [33mclass[39m=[32m"text-sm [&_p]:leading-relaxed"[39m
          [36m>[39m
            [36m<p[39m
              [33mclass[39m=[32m"mb-4"[39m
            [36m>[39m
              [0mAn unexpected error occurred in the application. This error has been logged and you can try to recover using one of the options below.[0m
            [36m</p>[39m
            [36m<div[39m
              [33mclass[39m=[32m"flex gap-2"[39m
            [36m>[39m
              [36m<button[39m
                [33mclass[39m=[32m"inline-flex items-center justify-center whitespace-nowrap rounded-md font-medium ring-offset-background transition-colors focus-visible:outline-none focus-visible:ring-2 focus-visible:ring-ring focus-visible:ring-offset-2 disabled:pointer-events-none disabled:opacity-50 bg-primary text-primary-foreground hover:bg-primary/90 active:bg-primary/80 h-8 px-3 text-xs"[39m
              [36m>[39m
                [0mTry Again[0m
              [36m</button>[39m
              [36m<button[39m
                [33mclass[39m=[32m"inline-flex items-center justify-center whitespace-nowrap rounded-md font-medium ring-offset-background transition-colors focus-visible:outline-none focus-visible:ring-2 focus-visible:ring-ring focus-visible:ring-offset-2 disabled:pointer-events-none disabled:opacity-50 border border-input bg-background hover:bg-accent hover:text-accent-foreground h-8 px-3 text-xs"[39m
              [36m>[39m
                [0mReload Application[0m
              [36m</button>[39m
            [36m</div>[39m
          [36m</div>[39m
        [36m</div>[39m
      [36m</div>[39m
    [36m</div>[39m
  [36m</div>[39m
[36m</body>[39m
[90m [2m‚ùØ[22m waitForWrapper node_modules/@testing-library/dom/dist/wait-for.js:[2m163:27[22m[39m
[90m [2m‚ùØ[22m node_modules/@testing-library/dom/dist/query-helpers.js:[2m86:33[22m[39m
[36m [2m‚ùØ[22m test/unit/renderer/App.test.jsx:[2m10:25[22m[39m

[31m[2m‚éØ‚éØ‚éØ‚éØ‚éØ‚éØ‚éØ‚éØ‚éØ‚éØ‚éØ‚éØ‚éØ‚éØ‚éØ‚éØ‚éØ‚éØ‚éØ‚éØ‚éØ‚éØ‚éØ‚éØ[1/5]‚éØ[22m[39m

[41m[1m FAIL [22m[49m test/unit/renderer/App.test.jsx[2m > [22mApp Component[2m > [22mdeve exibir o header com t√≠tulo
[31m[1mTestingLibraryElementError[22m[39m: Unable to find role="heading" and name `/home.title/i`

Ignored nodes: comments, script, style
[36m<body>[39m
  [36m<div>[39m
    [36m<div[39m
      [33mclass[39m=[32m"min-h-screen flex items-center justify-center p-4 bg-background"[39m
    [36m>[39m
      [36m<div[39m
        [33mclass[39m=[32m"max-w-2xl w-full"[39m
      [36m>[39m
        [36m<div[39m
          [33mclass[39m=[32m"relative w-full rounded-lg border p-4 [&>svg~*]:pl-7 [&>svg+div]:translate-y-[-3px] [&>svg]:absolute [&>svg]:left-4 [&>svg]:top-4 border-red-200 bg-red-50 text-red-900 [&>svg]:text-red-600"[39m
          [33mrole[39m=[32m"alert"[39m
        [36m>[39m
          [36m<h5[39m
            [33mclass[39m=[32m"tracking-tight text-lg font-semibold mb-2"[39m
          [36m>[39m
            [0mSomething went wrong[0m
          [36m</h5>[39m
          [36m<div[39m
            [33mclass[39m=[32m"text-sm [&_p]:leading-relaxed"[39m
          [36m>[39m
            [36m<p[39m
              [33mclass[39m=[32m"mb-4"[39m
            [36m>[39m
              [0mAn unexpected error occurred in the application. This error has been logged and you can try to recover using one of the options below.[0m
            [36m</p>[39m
            [36m<div[39m
              [33mclass[39m=[32m"flex gap-2"[39m
            [36m>[39m
              [36m<button[39m
                [33mclass[39m=[32m"inline-flex items-center justify-center whitespace-nowrap rounded-md font-medium ring-offset-background transition-colors focus-visible:outline-none focus-visible:ring-2 focus-visible:ring-ring focus-visible:ring-offset-2 disabled:pointer-events-none disabled:opacity-50 bg-primary text-primary-foreground hover:bg-primary/90 active:bg-primary/80 h-8 px-3 text-xs"[39m
              [36m>[39m
                [0mTry Again[0m
              [36m</button>[39m
              [36m<button[39m
                [33mclass[39m=[32m"inline-flex items-center justify-center whitespace-nowrap rounded-md font-medium ring-offset-background transition-colors focus-visible:outline-none focus-visible:ring-2 focus-visible:ring-ring focus-visible:ring-offset-2 disabled:pointer-events-none disabled:opacity-50 border border-input bg-background hover:bg-accent hover:text-accent-foreground h-8 px-3 text-xs"[39m
              [36m>[39m
                [0mReload Application[0m
              [36m</button>[39m
            [36m</div>[39m
          [36m</div>[39m
        [36m</div>[39m
      [36m</div>[39m
    [36m</div>[39m
  [36m</div>[39m
[36m</body>[39m

Ignored nodes: comments, script, style
[36m<body>[39m
  [36m<div>[39m
    [36m<div[39m
      [33mclass[39m=[32m"min-h-screen flex items-center justify-center p-4 bg-background"[39m
    [36m>[39m
      [36m<div[39m
        [33mclass[39m=[32m"max-w-2xl w-full"[39m
      [36m>[39m
        [36m<div[39m
          [33mclass[39m=[32m"relative w-full rounded-lg border p-4 [&>svg~*]:pl-7 [&>svg+div]:translate-y-[-3px] [&>svg]:absolute [&>svg]:left-4 [&>svg]:top-4 border-red-200 bg-red-50 text-red-900 [&>svg]:text-red-600"[39m
          [33mrole[39m=[32m"alert"[39m
        [36m>[39m
          [36m<h5[39m
            [33mclass[39m=[32m"tracking-tight text-lg font-semibold mb-2"[39m
          [36m>[39m
            [0mSomething went wrong[0m
          [36m</h5>[39m
          [36m<div[39m
            [33mclass[39m=[32m"text-sm [&_p]:leading-relaxed"[39m
          [36m>[39m
            [36m<p[39m
              [33mclass[39m=[32m"mb-4"[39m
            [36m>[39m
              [0mAn unexpected error occurred in the application. This error has been logged and you can try to recover using one of the options below.[0m
            [36m</p>[39m
            [36m<div[39m
              [33mclass[39m=[32m"flex gap-2"[39m
            [36m>[39m
              [36m<button[39m
                [33mclass[39m=[32m"inline-flex items-center justify-center whitespace-nowrap rounded-md font-medium ring-offset-background transition-colors focus-visible:outline-none focus-visible:ring-2 focus-visible:ring-ring focus-visible:ring-offset-2 disabled:pointer-events-none disabled:opacity-50 bg-primary text-primary-foreground hover:bg-primary/90 active:bg-primary/80 h-8 px-3 text-xs"[39m
              [36m>[39m
                [0mTry Again[0m
              [36m</button>[39m
              [36m<button[39m
                [33mclass[39m=[32m"inline-flex items-center justify-center whitespace-nowrap rounded-md font-medium ring-offset-background transition-colors focus-visible:outline-none focus-visible:ring-2 focus-visible:ring-ring focus-visible:ring-offset-2 disabled:pointer-events-none disabled:opacity-50 border border-input bg-background hover:bg-accent hover:text-accent-foreground h-8 px-3 text-xs"[39m
              [36m>[39m
                [0mReload Application[0m
              [36m</button>[39m
            [36m</div>[39m
          [36m</div>[39m
        [36m</div>[39m
      [36m</div>[39m
    [36m</div>[39m
  [36m</div>[39m
[36m</body>[39m
[90m [2m‚ùØ[22m waitForWrapper node_modules/@testing-library/dom/dist/wait-for.js:[2m163:27[22m[39m
[90m [2m‚ùØ[22m node_modules/@testing-library/dom/dist/query-helpers.js:[2m86:33[22m[39m
[36m [2m‚ùØ[22m test/unit/renderer/App.test.jsx:[2m16:34[22m[39m
    [90m 14| [39m    [34mrender[39m([33m<[39m[33mApp[39m [33m/[39m[33m>[39m)[33m;[39m
    [90m 15| [39m
    [90m 16| [39m    [35mconst[39m heading [33m=[39m [35mawait[39m screen[33m.[39m[34mfindByRole[39m([32m'heading'[39m[33m,[39m {
    [90m   | [39m                                 [31m^[39m
    [90m 17| [39m      name[33m:[39m [36m/home.title/i[39m[33m,[39m
    [90m 18| [39m    })[33m;[39m

[31m[2m‚éØ‚éØ‚éØ‚éØ‚éØ‚éØ‚éØ‚éØ‚éØ‚éØ‚éØ‚éØ‚éØ‚éØ‚éØ‚éØ‚éØ‚éØ‚éØ‚éØ‚éØ‚éØ‚éØ‚éØ[2/5]‚éØ[22m[39m

[41m[1m FAIL [22m[49m test/unit/renderer/App.test.jsx[2m > [22mApp Component[2m > [22mdeve exibir caracter√≠sticas da aplica√ß√£o
[31m[1mAssertionError[22m: promise rejected "TestingLibraryElementError: Unable to fin‚Ä¶" instead of resolving[39m
[36m [2m‚ùØ[22m test/unit/renderer/App.test.jsx:[2m25:76[22m[39m
    [90m 23| [39m    [34mrender[39m([33m<[39m[33mApp[39m [33m/[39m[33m>[39m)[33m;[39m
    [90m 24| [39m
    [90m 25| [39m    await expect(screen.findByText(/home.cards.security.features.conte‚Ä¶
    [90m   | [39m                                                                           [31m^[39m
    [90m 26| [39m    expect(screen.getByText(/home.cards.security.features.node/i)).toB‚Ä¶
    [90m 27| [39m    expect(screen.getByText(/home.cards.stack.features.shadcn/i)).toBe‚Ä¶

[31m[1mCaused by: TestingLibraryElementError[22m[39m: Unable to find an element with the text: /home.cards.security.features.context/i. This could be because the text is broken up by multiple elements. In this case, you can provide a function for your text matcher to make your matcher more flexible.

Ignored nodes: comments, script, style
[36m<body>[39m
  [36m<div>[39m
    [36m<div[39m
      [33mclass[39m=[32m"min-h-screen flex items-center justify-center p-4 bg-background"[39m
    [36m>[39m
      [36m<div[39m
        [33mclass[39m=[32m"max-w-2xl w-full"[39m
      [36m>[39m
        [36m<div[39m
          [33mclass[39m=[32m"relative w-full rounded-lg border p-4 [&>svg~*]:pl-7 [&>svg+div]:translate-y-[-3px] [&>svg]:absolute [&>svg]:left-4 [&>svg]:top-4 border-red-200 bg-red-50 text-red-900 [&>svg]:text-red-600"[39m
          [33mrole[39m=[32m"alert"[39m
        [36m>[39m
          [36m<h5[39m
            [33mclass[39m=[32m"tracking-tight text-lg font-semibold mb-2"[39m
          [36m>[39m
            [0mSomething went wrong[0m
          [36m</h5>[39m
          [36m<div[39m
            [33mclass[39m=[32m"text-sm [&_p]:leading-relaxed"[39m
          [36m>[39m
            [36m<p[39m
              [33mclass[39m=[32m"mb-4"[39m
            [36m>[39m
              [0mAn unexpected error occurred in the application. This error has been logged and you can try to recover using one of the options below.[0m
            [36m</p>[39m
            [36m<div[39m
              [33mclass[39m=[32m"flex gap-2"[39m
            [36m>[39m
              [36m<button[39m
                [33mclass[39m=[32m"inline-flex items-center justify-center whitespace-nowrap rounded-md font-medium ring-offset-background transition-colors focus-visible:outline-none focus-visible:ring-2 focus-visible:ring-ring focus-visible:ring-offset-2 disabled:pointer-events-none disabled:opacity-50 bg-primary text-primary-foreground hover:bg-primary/90 active:bg-primary/80 h-8 px-3 text-xs"[39m
              [36m>[39m
                [0mTry Again[0m
              [36m</button>[39m
              [36m<button[39m
                [33mclass[39m=[32m"inline-flex items-center justify-center whitespace-nowrap rounded-md font-medium ring-offset-background transition-colors focus-visible:outline-none focus-visible:ring-2 focus-visible:ring-ring focus-visible:ring-offset-2 disabled:pointer-events-none disabled:opacity-50 border border-input bg-background hover:bg-accent hover:text-accent-foreground h-8 px-3 text-xs"[39m
              [36m>[39m
                [0mReload Application[0m
              [36m</button>[39m
            [36m</div>[39m
          [36m</div>[39m
        [36m</div>[39m
      [36m</div>[39m
    [36m</div>[39m
  [36m</div>[39m
[36m</body>[39m

Ignored nodes: comments, script, style
[36m<body>[39m
  [36m<div>[39m
    [36m<div[39m
      [33mclass[39m=[32m"min-h-screen flex items-center justify-center p-4 bg-background"[39m
    [36m>[39m
      [36m<div[39m
        [33mclass[39m=[32m"max-w-2xl w-full"[39m
      [36m>[39m
        [36m<div[39m
          [33mclass[39m=[32m"relative w-full rounded-lg border p-4 [&>svg~*]:pl-7 [&>svg+div]:translate-y-[-3px] [&>svg]:absolute [&>svg]:left-4 [&>svg]:top-4 border-red-200 bg-red-50 text-red-900 [&>svg]:text-red-600"[39m
          [33mrole[39m=[32m"alert"[39m
        [36m>[39m
          [36m<h5[39m
            [33mclass[39m=[32m"tracking-tight text-lg font-semibold mb-2"[39m
          [36m>[39m
            [0mSomething went wrong[0m
          [36m</h5>[39m
          [36m<div[39m
            [33mclass[39m=[32m"text-sm [&_p]:leading-relaxed"[39m
          [36m>[39m
            [36m<p[39m
              [33mclass[39m=[32m"mb-4"[39m
            [36m>[39m
              [0mAn unexpected error occurred in the application. This error has been logged and you can try to recover using one of the options below.[0m
            [36m</p>[39m
            [36m<div[39m
              [33mclass[39m=[32m"flex gap-2"[39m
            [36m>[39m
              [36m<button[39m
                [33mclass[39m=[32m"inline-flex items-center justify-center whitespace-nowrap rounded-md font-medium ring-offset-background transition-colors focus-visible:outline-none focus-visible:ring-2 focus-visible:ring-ring focus-visible:ring-offset-2 disabled:pointer-events-none disabled:opacity-50 bg-primary text-primary-foreground hover:bg-primary/90 active:bg-primary/80 h-8 px-3 text-xs"[39m
              [36m>[39m
                [0mTry Again[0m
              [36m</button>[39m
              [36m<button[39m
                [33mclass[39m=[32m"inline-flex items-center justify-center whitespace-nowrap rounded-md font-medium ring-offset-background transition-colors focus-visible:outline-none focus-visible:ring-2 focus-visible:ring-ring focus-visible:ring-offset-2 disabled:pointer-events-none disabled:opacity-50 border border-input bg-background hover:bg-accent hover:text-accent-foreground h-8 px-3 text-xs"[39m
              [36m>[39m
                [0mReload Application[0m
              [36m</button>[39m
            [36m</div>[39m
          [36m</div>[39m
        [36m</div>[39m
      [36m</div>[39m
    [36m</div>[39m
  [36m</div>[39m
[36m</body>[39m
[90m [2m‚ùØ[22m waitForWrapper node_modules/@testing-library/dom/dist/wait-for.js:[2m163:27[22m[39m
[90m [2m‚ùØ[22m node_modules/@testing-library/dom/dist/query-helpers.js:[2m86:33[22m[39m
[36m [2m‚ùØ[22m test/unit/renderer/App.test.jsx:[2m25:25[22m[39m

[31m[2m‚éØ‚éØ‚éØ‚éØ‚éØ‚éØ‚éØ‚éØ‚éØ‚éØ‚éØ‚éØ‚éØ‚éØ‚éØ‚éØ‚éØ‚éØ‚éØ‚éØ‚éØ‚éØ‚éØ‚éØ[3/5]‚éØ[22m[39m

[41m[1m FAIL [22m[49m test/unit/renderer/App.test.jsx[2m > [22mApp Component[2m > [22mdeve mostrar bot√µes de navega√ß√£o
[31m[1mTestingLibraryElementError[22m[39m: Unable to find an element with the text: /nav.home/i. This could be because the text is broken up by multiple elements. In this case, you can provide a function for your text matcher to make your matcher more flexible.

Ignored nodes: comments, script, style
[36m<body>[39m
  [36m<div>[39m
    [36m<div[39m
      [33mclass[39m=[32m"min-h-screen flex items-center justify-center p-4 bg-background"[39m
    [36m>[39m
      [36m<div[39m
        [33mclass[39m=[32m"max-w-2xl w-full"[39m
      [36m>[39m
        [36m<div[39m
          [33mclass[39m=[32m"relative w-full rounded-lg border p-4 [&>svg~*]:pl-7 [&>svg+div]:translate-y-[-3px] [&>svg]:absolute [&>svg]:left-4 [&>svg]:top-4 border-red-200 bg-red-50 text-red-900 [&>svg]:text-red-600"[39m
          [33mrole[39m=[32m"alert"[39m
        [36m>[39m
          [36m<h5[39m
            [33mclass[39m=[32m"tracking-tight text-lg font-semibold mb-2"[39m
          [36m>[39m
            [0mSomething went wrong[0m
          [36m</h5>[39m
          [36m<div[39m
            [33mclass[39m=[32m"text-sm [&_p]:leading-relaxed"[39m
          [36m>[39m
            [36m<p[39m
              [33mclass[39m=[32m"mb-4"[39m
            [36m>[39m
              [0mAn unexpected error occurred in the application. This error has been logged and you can try to recover using one of the options below.[0m
            [36m</p>[39m
            [36m<div[39m
              [33mclass[39m=[32m"flex gap-2"[39m
            [36m>[39m
              [36m<button[39m
                [33mclass[39m=[32m"inline-flex items-center justify-center whitespace-nowrap rounded-md font-medium ring-offset-background transition-colors focus-visible:outline-none focus-visible:ring-2 focus-visible:ring-ring focus-visible:ring-offset-2 disabled:pointer-events-none disabled:opacity-50 bg-primary text-primary-foreground hover:bg-primary/90 active:bg-primary/80 h-8 px-3 text-xs"[39m
              [36m>[39m
                [0mTry Again[0m
              [36m</button>[39m
              [36m<button[39m
                [33mclass[39m=[32m"inline-flex items-center justify-center whitespace-nowrap rounded-md font-medium ring-offset-background transition-colors focus-visible:outline-none focus-visible:ring-2 focus-visible:ring-ring focus-visible:ring-offset-2 disabled:pointer-events-none disabled:opacity-50 border border-input bg-background hover:bg-accent hover:text-accent-foreground h-8 px-3 text-xs"[39m
              [36m>[39m
                [0mReload Application[0m
              [36m</button>[39m
            [36m</div>[39m
          [36m</div>[39m
        [36m</div>[39m
      [36m</div>[39m
    [36m</div>[39m
  [36m</div>[39m
[36m</body>[39m

Ignored nodes: comments, script, style
[36m<body>[39m
  [36m<div>[39m
    [36m<div[39m
      [33mclass[39m=[32m"min-h-screen flex items-center justify-center p-4 bg-background"[39m
    [36m>[39m
      [36m<div[39m
        [33mclass[39m=[32m"max-w-2xl w-full"[39m
      [36m>[39m
        [36m<div[39m
          [33mclass[39m=[32m"relative w-full rounded-lg border p-4 [&>svg~*]:pl-7 [&>svg+div]:translate-y-[-3px] [&>svg]:absolute [&>svg]:left-4 [&>svg]:top-4 border-red-200 bg-red-50 text-red-900 [&>svg]:text-red-600"[39m
          [33mrole[39m=[32m"alert"[39m
        [36m>[39m
          [36m<h5[39m
            [33mclass[39m=[32m"tracking-tight text-lg font-semibold mb-2"[39m
          [36m>[39m
            [0mSomething went wrong[0m
          [36m</h5>[39m
          [36m<div[39m
            [33mclass[39m=[32m"text-sm [&_p]:leading-relaxed"[39m
          [36m>[39m
            [36m<p[39m
              [33mclass[39m=[32m"mb-4"[39m
            [36m>[39m
              [0mAn unexpected error occurred in the application. This error has been logged and you can try to recover using one of the options below.[0m
            [36m</p>[39m
            [36m<div[39m
              [33mclass[39m=[32m"flex gap-2"[39m
            [36m>[39m
              [36m<button[39m
                [33mclass[39m=[32m"inline-flex items-center justify-center whitespace-nowrap rounded-md font-medium ring-offset-background transition-colors focus-visible:outline-none focus-visible:ring-2 focus-visible:ring-ring focus-visible:ring-offset-2 disabled:pointer-events-none disabled:opacity-50 bg-primary text-primary-foreground hover:bg-primary/90 active:bg-primary/80 h-8 px-3 text-xs"[39m
              [36m>[39m
                [0mTry Again[0m
              [36m</button>[39m
              [36m<button[39m
                [33mclass[39m=[32m"inline-flex items-center justify-center whitespace-nowrap rounded-md font-medium ring-offset-background transition-colors focus-visible:outline-none focus-visible:ring-2 focus-visible:ring-ring focus-visible:ring-offset-2 disabled:pointer-events-none disabled:opacity-50 border border-input bg-background hover:bg-accent hover:text-accent-foreground h-8 px-3 text-xs"[39m
              [36m>[39m
                [0mReload Application[0m
              [36m</button>[39m
            [36m</div>[39m
          [36m</div>[39m
        [36m</div>[39m
      [36m</div>[39m
    [36m</div>[39m
  [36m</div>[39m
[36m</body>[39m
[90m [2m‚ùØ[22m waitForWrapper node_modules/@testing-library/dom/dist/wait-for.js:[2m163:27[22m[39m
[90m [2m‚ùØ[22m node_modules/@testing-library/dom/dist/query-helpers.js:[2m86:33[22m[39m
[36m [2m‚ùØ[22m test/unit/renderer/App.test.jsx:[2m35:38[22m[39m
    [90m 33| [39m    // Since we mock t(key) => key, and AppShell uses üè† {t('nav.home'‚Ä¶
    [90m 34| [39m    [90m// The output will be "üè† nav.home"[39m
    [90m 35| [39m    [35mconst[39m homeButtons [33m=[39m [35mawait[39m screen[33m.[39m[34mfindAllByText[39m([36m/nav.home/i[39m)[33m;[39m
    [90m   | [39m                                     [31m^[39m
    [90m 36| [39m    [34mexpect[39m(homeButtons[33m.[39mlength)[33m.[39m[34mtoBeGreaterThan[39m([34m0[39m)[33m;[39m
    [90m 37| [39m

[31m[2m‚éØ‚éØ‚éØ‚éØ‚éØ‚éØ‚éØ‚éØ‚éØ‚éØ‚éØ‚éØ‚éØ‚éØ‚éØ‚éØ‚éØ‚éØ‚éØ‚éØ‚éØ‚éØ‚éØ‚éØ[4/5]‚éØ[22m[39m

[41m[1m FAIL [22m[49m test/unit/renderer/App.test.jsx[2m > [22mApp Component[2m > [22mdeve renderizar a p√°gina inicial por padr√£o
[31m[1mTestingLibraryElementError[22m[39m: Unable to find an element with the text: /home.title/i. This could be because the text is broken up by multiple elements. In this case, you can provide a function for your text matcher to make your matcher more flexible.

Ignored nodes: comments, script, style
[36m<body>[39m
  [36m<div>[39m
    [36m<div[39m
      [33mclass[39m=[32m"min-h-screen flex items-center justify-center p-4 bg-background"[39m
    [36m>[39m
      [36m<div[39m
        [33mclass[39m=[32m"max-w-2xl w-full"[39m
      [36m>[39m
        [36m<div[39m
          [33mclass[39m=[32m"relative w-full rounded-lg border p-4 [&>svg~*]:pl-7 [&>svg+div]:translate-y-[-3px] [&>svg]:absolute [&>svg]:left-4 [&>svg]:top-4 border-red-200 bg-red-50 text-red-900 [&>svg]:text-red-600"[39m
          [33mrole[39m=[32m"alert"[39m
        [36m>[39m
          [36m<h5[39m
            [33mclass[39m=[32m"tracking-tight text-lg font-semibold mb-2"[39m
          [36m>[39m
            [0mSomething went wrong[0m
          [36m</h5>[39m
          [36m<div[39m
            [33mclass[39m=[32m"text-sm [&_p]:leading-relaxed"[39m
          [36m>[39m
            [36m<p[39m
              [33mclass[39m=[32m"mb-4"[39m
            [36m>[39m
              [0mAn unexpected error occurred in the application. This error has been logged and you can try to recover using one of the options below.[0m
            [36m</p>[39m
            [36m<div[39m
              [33mclass[39m=[32m"flex gap-2"[39m
            [36m>[39m
              [36m<button[39m
                [33mclass[39m=[32m"inline-flex items-center justify-center whitespace-nowrap rounded-md font-medium ring-offset-background transition-colors focus-visible:outline-none focus-visible:ring-2 focus-visible:ring-ring focus-visible:ring-offset-2 disabled:pointer-events-none disabled:opacity-50 bg-primary text-primary-foreground hover:bg-primary/90 active:bg-primary/80 h-8 px-3 text-xs"[39m
              [36m>[39m
                [0mTry Again[0m
              [36m</button>[39m
              [36m<button[39m
                [33mclass[39m=[32m"inline-flex items-center justify-center whitespace-nowrap rounded-md font-medium ring-offset-background transition-colors focus-visible:outline-none focus-visible:ring-2 focus-visible:ring-ring focus-visible:ring-offset-2 disabled:pointer-events-none disabled:opacity-50 border border-input bg-background hover:bg-accent hover:text-accent-foreground h-8 px-3 text-xs"[39m
              [36m>[39m
                [0mReload Application[0m
              [36m</button>[39m
            [36m</div>[39m
          [36m</div>[39m
        [36m</div>[39m
      [36m</div>[39m
    [36m</div>[39m
  [36m</div>[39m
[36m</body>[39m

Ignored nodes: comments, script, style
[36m<body>[39m
  [36m<div>[39m
    [36m<div[39m
      [33mclass[39m=[32m"min-h-screen flex items-center justify-center p-4 bg-background"[39m
    [36m>[39m
      [36m<div[39m
        [33mclass[39m=[32m"max-w-2xl w-full"[39m
      [36m>[39m
        [36m<div[39m
          [33mclass[39m=[32m"relative w-full rounded-lg border p-4 [&>svg~*]:pl-7 [&>svg+div]:translate-y-[-3px] [&>svg]:absolute [&>svg]:left-4 [&>svg]:top-4 border-red-200 bg-red-50 text-red-900 [&>svg]:text-red-600"[39m
          [33mrole[39m=[32m"alert"[39m
        [36m>[39m
          [36m<h5[39m
            [33mclass[39m=[32m"tracking-tight text-lg font-semibold mb-2"[39m
          [36m>[39m
            [0mSomething went wrong[0m
          [36m</h5>[39m
          [36m<div[39m
            [33mclass[39m=[32m"text-sm [&_p]:leading-relaxed"[39m
          [36m>[39m
            [36m<p[39m
              [33mclass[39m=[32m"mb-4"[39m
            [36m>[39m
              [0mAn unexpected error occurred in the application. This error has been logged and you can try to recover using one of the options below.[0m
            [36m</p>[39m
            [36m<div[39m
              [33mclass[39m=[32m"flex gap-2"[39m
            [36m>[39m
              [36m<button[39m
                [33mclass[39m=[32m"inline-flex items-center justify-center whitespace-nowrap rounded-md font-medium ring-offset-background transition-colors focus-visible:outline-none focus-visible:ring-2 focus-visible:ring-ring focus-visible:ring-offset-2 disabled:pointer-events-none disabled:opacity-50 bg-primary text-primary-foreground hover:bg-primary/90 active:bg-primary/80 h-8 px-3 text-xs"[39m
              [36m>[39m
                [0mTry Again[0m
              [36m</button>[39m
              [36m<button[39m
                [33mclass[39m=[32m"inline-flex items-center justify-center whitespace-nowrap rounded-md font-medium ring-offset-background transition-colors focus-visible:outline-none focus-visible:ring-2 focus-visible:ring-ring focus-visible:ring-offset-2 disabled:pointer-events-none disabled:opacity-50 border border-input bg-background hover:bg-accent hover:text-accent-foreground h-8 px-3 text-xs"[39m
              [36m>[39m
                [0mReload Application[0m
              [36m</button>[39m
            [36m</div>[39m
          [36m</div>[39m
        [36m</div>[39m
      [36m</div>[39m
    [36m</div>[39m
  [36m</div>[39m
[36m</body>[39m
[90m [2m‚ùØ[22m waitForWrapper node_modules/@testing-library/dom/dist/wait-for.js:[2m163:27[22m[39m
[90m [2m‚ùØ[22m node_modules/@testing-library/dom/dist/query-helpers.js:[2m86:33[22m[39m
[36m [2m‚ùØ[22m test/unit/renderer/App.test.jsx:[2m62:34[22m[39m
    [90m 60| [39m    [34mrender[39m([33m<[39m[33mApp[39m [33m/[39m[33m>[39m)[33m;[39m
    [90m 61| [39m
    [90m 62| [39m    [35mconst[39m heading [33m=[39m [35mawait[39m screen[33m.[39m[34mfindByText[39m([36m/home.title/i[39m)[33m;[39m
    [90m   | [39m                                 [31m^[39m
    [90m 63| [39m    [34mexpect[39m(heading)[33m.[39m[34mtoBeInTheDocument[39m()[33m;[39m
    [90m 64| [39m  })[33m;[39m

[31m[2m‚éØ‚éØ‚éØ‚éØ‚éØ‚éØ‚éØ‚éØ‚éØ‚éØ‚éØ‚éØ‚éØ‚éØ‚éØ‚éØ‚éØ‚éØ‚éØ‚éØ‚éØ‚éØ‚éØ‚éØ[5/5]‚éØ[22m[39m


[2m Test Files [22m [1m[31m1 failed[39m[22m[90m (1)[39m
[2m      Tests [22m [1m[31m5 failed[39m[22m[90m (5)[39m
[2m   Start at [22m 17:12:24
[2m   Duration [22m 7.12s[2m (transform 197ms, setup 74ms, import 1.49s, tests 5.03s, environment 407ms)[22m

