
[1m[46m RUN [49m[22m [36mv4.0.15 [39m[90m/Users/yuricoppe/Code/electron-apps-template[39m

 [31m‚ùØ[39m test/unit/renderer/hooks/useStatusBar.test.jsx [2m([22m[2m3 tests[22m[2m | [22m[31m1 failed[39m[2m)[22m[32m 24[2mms[22m[39m
     [32m‚úì[39m should register item on mount[32m 7[2mms[22m[39m
     [32m‚úì[39m should unregister item on unmount[32m 1[2mms[22m[39m
[31m     [31m√ó[31m should throttle updates to max 1 per second[39m[32m 14[2mms[22m[39m
 [31m‚ùØ[39m test/unit/renderer/contexts/ShortcutContext.test.jsx [2m([22m[2m6 tests[22m[2m | [22m[31m1 failed[39m[2m)[22m[32m 32[2mms[22m[39m
     [32m‚úì[39m should load user overrides on mount[32m 11[2mms[22m[39m
     [32m‚úì[39m should register shortcuts correctly[32m 1[2mms[22m[39m
[31m     [31m√ó[31m should detect conflicts (console warn)[39m[32m 3[2mms[22m[39m
     [32m‚úì[39m should update shortcut and persist[32m 9[2mms[22m[39m
     [32m‚úì[39m should reset shortcuts to defaults[32m 3[2mms[22m[39m
     [32m‚úì[39m should reject system shortcuts[32m 2[2mms[22m[39m
TypeError: window.matchMedia is not a function
    at applyTheme (/Users/yuricoppe/Code/electron-apps-template/src/renderer/contexts/SettingsContext.jsx:68:64)
    at /Users/yuricoppe/Code/electron-apps-template/src/renderer/contexts/SettingsContext.jsx:72:5
    at commitHookEffectListMount (/Users/yuricoppe/Code/electron-apps-template/node_modules/react-dom/cjs/react-dom.development.js:23189:26)
    at commitPassiveMountOnFiber (/Users/yuricoppe/Code/electron-apps-template/node_modules/react-dom/cjs/react-dom.development.js:24970:11)
    at commitPassiveMountEffects_complete (/Users/yuricoppe/Code/electron-apps-template/node_modules/react-dom/cjs/react-dom.development.js:24930:9)
    at commitPassiveMountEffects_begin (/Users/yuricoppe/Code/electron-apps-template/node_modules/react-dom/cjs/react-dom.development.js:24917:7)
    at commitPassiveMountEffects (/Users/yuricoppe/Code/electron-apps-template/node_modules/react-dom/cjs/react-dom.development.js:24905:3)
    at flushPassiveEffectsImpl (/Users/yuricoppe/Code/electron-apps-template/node_modules/react-dom/cjs/react-dom.development.js:27078:3)
    at flushPassiveEffects (/Users/yuricoppe/Code/electron-apps-template/node_modules/react-dom/cjs/react-dom.development.js:27023:14)
    at /Users/yuricoppe/Code/electron-apps-template/node_modules/react-dom/cjs/react-dom.development.js:26808:9
[90mstderr[2m | src/renderer/components/demo/ConnectivityDemo.test.jsx[2m > [22m[2mConnectivityDemo[2m > [22m[2mcalls clear queue
[22m[39mWarning: An update to ConnectivityDemo inside a test was not wrapped in act(...).

When testing, code that causes React state updates should be wrapped into act(...):

act(() => {
  /* fire events that update state */
});
/* assert on the output */

This ensures that you're testing the behavior the user would see in the browser. Learn more at https://reactjs.org/link/wrap-tests-with-act
    at ConnectivityDemo (/Users/yuricoppe/Code/electron-apps-template/src/renderer/components/demo/ConnectivityDemo.jsx:16:69)

[90mstderr[2m | src/renderer/test/productivity-features.test.jsx[2m > [22m[2mProductivity Features[2m > [22m[2mSettingsContext[2m > [22m[2mprovides default settings and updates them
[22m[39mThe above error occurred in the <SettingsProvider> component:

    at SettingsProvider (/Users/yuricoppe/Code/electron-apps-template/src/renderer/contexts/SettingsContext.jsx:12:29)

Consider adding an error boundary to your tree to customize error handling behavior.
Visit https://reactjs.org/link/error-boundaries to learn more about error boundaries.

 [31m‚ùØ[39m src/renderer/components/demo/ConnectivityDemo.test.jsx [2m([22m[2m4 tests[22m[2m | [22m[31m4 failed[39m[2m)[22m[32m 43[2mms[22m[39m
[31m     [31m√ó[31m renders correctly[39m[32m 21[2mms[22m[39m
[31m     [31m√ó[31m toggles manual offline mode[39m[32m 7[2mms[22m[39m
[31m     [31m√ó[31m handles trigger sync[39m[32m 6[2mms[22m[39m
[31m     [31m√ó[31m calls clear queue[39m[32m 7[2mms[22m[39m
TypeError: window.matchMedia is not a function
    at applyTheme (/Users/yuricoppe/Code/electron-apps-template/src/renderer/contexts/SettingsContext.jsx:68:64)
    at /Users/yuricoppe/Code/electron-apps-template/src/renderer/contexts/SettingsContext.jsx:72:5
    at commitHookEffectListMount (/Users/yuricoppe/Code/electron-apps-template/node_modules/react-dom/cjs/react-dom.development.js:23189:26)
    at commitPassiveMountOnFiber (/Users/yuricoppe/Code/electron-apps-template/node_modules/react-dom/cjs/react-dom.development.js:24970:11)
    at commitPassiveMountEffects_complete (/Users/yuricoppe/Code/electron-apps-template/node_modules/react-dom/cjs/react-dom.development.js:24930:9)
    at commitPassiveMountEffects_begin (/Users/yuricoppe/Code/electron-apps-template/node_modules/react-dom/cjs/react-dom.development.js:24917:7)
    at commitPassiveMountEffects (/Users/yuricoppe/Code/electron-apps-template/node_modules/react-dom/cjs/react-dom.development.js:24905:3)
    at flushPassiveEffectsImpl (/Users/yuricoppe/Code/electron-apps-template/node_modules/react-dom/cjs/react-dom.development.js:27078:3)
    at flushPassiveEffects (/Users/yuricoppe/Code/electron-apps-template/node_modules/react-dom/cjs/react-dom.development.js:27023:14)
    at /Users/yuricoppe/Code/electron-apps-template/node_modules/react-dom/cjs/react-dom.development.js:26808:9
[90mstderr[2m | src/renderer/test/productivity-features.test.jsx[2m > [22m[2mProductivity Features[2m > [22m[2mHistoryContext[2m > [22m[2mmanages undo/redo stack
[22m[39mThe above error occurred in the <SettingsProvider> component:

    at SettingsProvider (/Users/yuricoppe/Code/electron-apps-template/src/renderer/contexts/SettingsContext.jsx:12:29)

Consider adding an error boundary to your tree to customize error handling behavior.
Visit https://reactjs.org/link/error-boundaries to learn more about error boundaries.

TypeError: window.matchMedia is not a function
    at applyTheme (/Users/yuricoppe/Code/electron-apps-template/src/renderer/contexts/SettingsContext.jsx:68:64)
    at /Users/yuricoppe/Code/electron-apps-template/src/renderer/contexts/SettingsContext.jsx:72:5
    at commitHookEffectListMount (/Users/yuricoppe/Code/electron-apps-template/node_modules/react-dom/cjs/react-dom.development.js:23189:26)
    at commitPassiveMountOnFiber (/Users/yuricoppe/Code/electron-apps-template/node_modules/react-dom/cjs/react-dom.development.js:24970:11)
    at commitPassiveMountEffects_complete (/Users/yuricoppe/Code/electron-apps-template/node_modules/react-dom/cjs/react-dom.development.js:24930:9)
    at commitPassiveMountEffects_begin (/Users/yuricoppe/Code/electron-apps-template/node_modules/react-dom/cjs/react-dom.development.js:24917:7)
    at commitPassiveMountEffects (/Users/yuricoppe/Code/electron-apps-template/node_modules/react-dom/cjs/react-dom.development.js:24905:3)
    at flushPassiveEffectsImpl (/Users/yuricoppe/Code/electron-apps-template/node_modules/react-dom/cjs/react-dom.development.js:27078:3)
    at flushPassiveEffects (/Users/yuricoppe/Code/electron-apps-template/node_modules/react-dom/cjs/react-dom.development.js:27023:14)
    at /Users/yuricoppe/Code/electron-apps-template/node_modules/react-dom/cjs/react-dom.development.js:26808:9
[90mstderr[2m | src/renderer/test/productivity-features.test.jsx[2m > [22m[2mProductivity Features[2m > [22m[2mTourContext[2m > [22m[2mstarts tour if not completed
[22m[39mThe above error occurred in the <SettingsProvider> component:

    at SettingsProvider (/Users/yuricoppe/Code/electron-apps-template/src/renderer/contexts/SettingsContext.jsx:12:29)

Consider adding an error boundary to your tree to customize error handling behavior.
Visit https://reactjs.org/link/error-boundaries to learn more about error boundaries.

 [31m‚ùØ[39m src/renderer/test/productivity-features.test.jsx [2m([22m[2m3 tests[22m[2m | [22m[31m3 failed[39m[2m)[22m[32m 19[2mms[22m[39m
[31m       [31m√ó[31m provides default settings and updates them[39m[32m 12[2mms[22m[39m
[31m       [31m√ó[31m manages undo/redo stack[39m[32m 3[2mms[22m[39m
[31m       [31m√ó[31m starts tour if not completed[39m[32m 3[2mms[22m[39m
 [31m‚ùØ[39m test/unit/renderer/components/UpdateNotification.test.jsx [2m([22m[2m15 tests[22m[2m | [22m[31m6 failed[39m[2m)[22m[33m 324[2mms[22m[39m
     [32m‚úì[39m should return null when no updateInfo is provided[32m 11[2mms[22m[39m
     [32m‚úì[39m should return null when no status is provided[32m 2[2mms[22m[39m
[31m       [31m√ó[31m should display update available message[39m[32m 18[2mms[22m[39m
[31m       [31m√ó[31m should display release notes when provided[39m[32m 3[2mms[22m[39m
       [32m‚úì[39m should have Download and Later buttons[32m 108[2mms[22m[39m
       [32m‚úì[39m should call onInstall when Download is clicked[32m 27[2mms[22m[39m
       [32m‚úì[39m should call onDismiss when Later is clicked[32m 18[2mms[22m[39m
[31m       [31m√ó[31m should display downloading message[39m[32m 2[2mms[22m[39m
       [32m‚úì[39m should display progress bar with percentage[32m 1[2mms[22m[39m
       [32m‚úì[39m should have Hide button[32m 16[2mms[22m[39m
       [32m‚úì[39m should call onDismiss when Hide is clicked[32m 6[2mms[22m[39m
[31m       [31m√ó[31m should display ready to install message[39m[32m 3[2mms[22m[39m
[31m       [31m√ó[31m should have Install & Restart and Later buttons[39m[32m 59[2mms[22m[39m
[31m       [31m√ó[31m should call onInstall when Install & Restart is clicked[39m[32m 40[2mms[22m[39m
       [32m‚úì[39m should call onDismiss when Later is clicked[32m 7[2mms[22m[39m
Error: Something went wrong
    at ThrowError (/Users/yuricoppe/Code/electron-apps-template/test/unit/renderer/components/ErrorBoundary.test.jsx:10:11)
    at renderWithHooks (/Users/yuricoppe/Code/electron-apps-template/node_modules/react-dom/cjs/react-dom.development.js:15486:18)
    at mountIndeterminateComponent (/Users/yuricoppe/Code/electron-apps-template/node_modules/react-dom/cjs/react-dom.development.js:20103:13)
    at beginWork (/Users/yuricoppe/Code/electron-apps-template/node_modules/react-dom/cjs/react-dom.development.js:21626:16)
    at HTMLUnknownElement.callCallback (/Users/yuricoppe/Code/electron-apps-template/node_modules/react-dom/cjs/react-dom.development.js:4164:14)
    at HTMLUnknownElement.callTheUserObjectsOperation (/Users/yuricoppe/Code/electron-apps-template/node_modules/jsdom/lib/jsdom/living/generated/EventListener.js:26:30)
    at innerInvokeEventListeners (/Users/yuricoppe/Code/electron-apps-template/node_modules/jsdom/lib/jsdom/living/events/EventTarget-impl.js:360:16)
    at invokeEventListeners (/Users/yuricoppe/Code/electron-apps-template/node_modules/jsdom/lib/jsdom/living/events/EventTarget-impl.js:296:3)
    at HTMLUnknownElementImpl._dispatch (/Users/yuricoppe/Code/electron-apps-template/node_modules/jsdom/lib/jsdom/living/events/EventTarget-impl.js:243:9)
    at HTMLUnknownElementImpl.dispatchEvent (/Users/yuricoppe/Code/electron-apps-template/node_modules/jsdom/lib/jsdom/living/events/EventTarget-impl.js:114:17)
Error: Something went wrong
    at ThrowError (/Users/yuricoppe/Code/electron-apps-template/test/unit/renderer/components/ErrorBoundary.test.jsx:10:11)
    at renderWithHooks (/Users/yuricoppe/Code/electron-apps-template/node_modules/react-dom/cjs/react-dom.development.js:15486:18)
    at mountIndeterminateComponent (/Users/yuricoppe/Code/electron-apps-template/node_modules/react-dom/cjs/react-dom.development.js:20103:13)
    at beginWork (/Users/yuricoppe/Code/electron-apps-template/node_modules/react-dom/cjs/react-dom.development.js:21626:16)
    at HTMLUnknownElement.callCallback (/Users/yuricoppe/Code/electron-apps-template/node_modules/react-dom/cjs/react-dom.development.js:4164:14)
    at HTMLUnknownElement.callTheUserObjectsOperation (/Users/yuricoppe/Code/electron-apps-template/node_modules/jsdom/lib/jsdom/living/generated/EventListener.js:26:30)
    at innerInvokeEventListeners (/Users/yuricoppe/Code/electron-apps-template/node_modules/jsdom/lib/jsdom/living/events/EventTarget-impl.js:360:16)
    at invokeEventListeners (/Users/yuricoppe/Code/electron-apps-template/node_modules/jsdom/lib/jsdom/living/events/EventTarget-impl.js:296:3)
    at HTMLUnknownElementImpl._dispatch (/Users/yuricoppe/Code/electron-apps-template/node_modules/jsdom/lib/jsdom/living/events/EventTarget-impl.js:243:9)
    at HTMLUnknownElementImpl.dispatchEvent (/Users/yuricoppe/Code/electron-apps-template/node_modules/jsdom/lib/jsdom/living/events/EventTarget-impl.js:114:17)
Error: Test error
    at ThrowError (/Users/yuricoppe/Code/electron-apps-template/test/unit/renderer/components/ErrorBoundary.test.jsx:10:11)
    at renderWithHooks (/Users/yuricoppe/Code/electron-apps-template/node_modules/react-dom/cjs/react-dom.development.js:15486:18)
    at mountIndeterminateComponent (/Users/yuricoppe/Code/electron-apps-template/node_modules/react-dom/cjs/react-dom.development.js:20103:13)
    at beginWork (/Users/yuricoppe/Code/electron-apps-template/node_modules/react-dom/cjs/react-dom.development.js:21626:16)
    at HTMLUnknownElement.callCallback (/Users/yuricoppe/Code/electron-apps-template/node_modules/react-dom/cjs/react-dom.development.js:4164:14)
    at HTMLUnknownElement.callTheUserObjectsOperation (/Users/yuricoppe/Code/electron-apps-template/node_modules/jsdom/lib/jsdom/living/generated/EventListener.js:26:30)
    at innerInvokeEventListeners (/Users/yuricoppe/Code/electron-apps-template/node_modules/jsdom/lib/jsdom/living/events/EventTarget-impl.js:360:16)
    at invokeEventListeners (/Users/yuricoppe/Code/electron-apps-template/node_modules/jsdom/lib/jsdom/living/events/EventTarget-impl.js:296:3)
    at HTMLUnknownElementImpl._dispatch (/Users/yuricoppe/Code/electron-apps-template/node_modules/jsdom/lib/jsdom/living/events/EventTarget-impl.js:243:9)
    at HTMLUnknownElementImpl.dispatchEvent (/Users/yuricoppe/Code/electron-apps-template/node_modules/jsdom/lib/jsdom/living/events/EventTarget-impl.js:114:17)
Error: Test error
    at ThrowError (/Users/yuricoppe/Code/electron-apps-template/test/unit/renderer/components/ErrorBoundary.test.jsx:10:11)
    at renderWithHooks (/Users/yuricoppe/Code/electron-apps-template/node_modules/react-dom/cjs/react-dom.development.js:15486:18)
    at mountIndeterminateComponent (/Users/yuricoppe/Code/electron-apps-template/node_modules/react-dom/cjs/react-dom.development.js:20103:13)
    at beginWork (/Users/yuricoppe/Code/electron-apps-template/node_modules/react-dom/cjs/react-dom.development.js:21626:16)
    at HTMLUnknownElement.callCallback (/Users/yuricoppe/Code/electron-apps-template/node_modules/react-dom/cjs/react-dom.development.js:4164:14)
    at HTMLUnknownElement.callTheUserObjectsOperation (/Users/yuricoppe/Code/electron-apps-template/node_modules/jsdom/lib/jsdom/living/generated/EventListener.js:26:30)
    at innerInvokeEventListeners (/Users/yuricoppe/Code/electron-apps-template/node_modules/jsdom/lib/jsdom/living/events/EventTarget-impl.js:360:16)
    at invokeEventListeners (/Users/yuricoppe/Code/electron-apps-template/node_modules/jsdom/lib/jsdom/living/events/EventTarget-impl.js:296:3)
    at HTMLUnknownElementImpl._dispatch (/Users/yuricoppe/Code/electron-apps-template/node_modules/jsdom/lib/jsdom/living/events/EventTarget-impl.js:243:9)
    at HTMLUnknownElementImpl.dispatchEvent (/Users/yuricoppe/Code/electron-apps-template/node_modules/jsdom/lib/jsdom/living/events/EventTarget-impl.js:114:17)
Error: Test error
    at ThrowError (/Users/yuricoppe/Code/electron-apps-template/test/unit/renderer/components/ErrorBoundary.test.jsx:10:11)
    at renderWithHooks (/Users/yuricoppe/Code/electron-apps-template/node_modules/react-dom/cjs/react-dom.development.js:15486:18)
    at mountIndeterminateComponent (/Users/yuricoppe/Code/electron-apps-template/node_modules/react-dom/cjs/react-dom.development.js:20103:13)
    at beginWork (/Users/yuricoppe/Code/electron-apps-template/node_modules/react-dom/cjs/react-dom.development.js:21626:16)
    at HTMLUnknownElement.callCallback (/Users/yuricoppe/Code/electron-apps-template/node_modules/react-dom/cjs/react-dom.development.js:4164:14)
    at HTMLUnknownElement.callTheUserObjectsOperation (/Users/yuricoppe/Code/electron-apps-template/node_modules/jsdom/lib/jsdom/living/generated/EventListener.js:26:30)
    at innerInvokeEventListeners (/Users/yuricoppe/Code/electron-apps-template/node_modules/jsdom/lib/jsdom/living/events/EventTarget-impl.js:360:16)
    at invokeEventListeners (/Users/yuricoppe/Code/electron-apps-template/node_modules/jsdom/lib/jsdom/living/events/EventTarget-impl.js:296:3)
    at HTMLUnknownElementImpl._dispatch (/Users/yuricoppe/Code/electron-apps-template/node_modules/jsdom/lib/jsdom/living/events/EventTarget-impl.js:243:9)
    at HTMLUnknownElementImpl.dispatchEvent (/Users/yuricoppe/Code/electron-apps-template/node_modules/jsdom/lib/jsdom/living/events/EventTarget-impl.js:114:17)
Error: Test error
    at ThrowError (/Users/yuricoppe/Code/electron-apps-template/test/unit/renderer/components/ErrorBoundary.test.jsx:10:11)
    at renderWithHooks (/Users/yuricoppe/Code/electron-apps-template/node_modules/react-dom/cjs/react-dom.development.js:15486:18)
    at mountIndeterminateComponent (/Users/yuricoppe/Code/electron-apps-template/node_modules/react-dom/cjs/react-dom.development.js:20103:13)
    at beginWork (/Users/yuricoppe/Code/electron-apps-template/node_modules/react-dom/cjs/react-dom.development.js:21626:16)
    at HTMLUnknownElement.callCallback (/Users/yuricoppe/Code/electron-apps-template/node_modules/react-dom/cjs/react-dom.development.js:4164:14)
    at HTMLUnknownElement.callTheUserObjectsOperation (/Users/yuricoppe/Code/electron-apps-template/node_modules/jsdom/lib/jsdom/living/generated/EventListener.js:26:30)
    at innerInvokeEventListeners (/Users/yuricoppe/Code/electron-apps-template/node_modules/jsdom/lib/jsdom/living/events/EventTarget-impl.js:360:16)
    at invokeEventListeners (/Users/yuricoppe/Code/electron-apps-template/node_modules/jsdom/lib/jsdom/living/events/EventTarget-impl.js:296:3)
    at HTMLUnknownElementImpl._dispatch (/Users/yuricoppe/Code/electron-apps-template/node_modules/jsdom/lib/jsdom/living/events/EventTarget-impl.js:243:9)
    at HTMLUnknownElementImpl.dispatchEvent (/Users/yuricoppe/Code/electron-apps-template/node_modules/jsdom/lib/jsdom/living/events/EventTarget-impl.js:114:17)
Error: Test error
    at ThrowError (/Users/yuricoppe/Code/electron-apps-template/test/unit/renderer/components/ErrorBoundary.test.jsx:10:11)
    at renderWithHooks (/Users/yuricoppe/Code/electron-apps-template/node_modules/react-dom/cjs/react-dom.development.js:15486:18)
    at mountIndeterminateComponent (/Users/yuricoppe/Code/electron-apps-template/node_modules/react-dom/cjs/react-dom.development.js:20103:13)
    at beginWork (/Users/yuricoppe/Code/electron-apps-template/node_modules/react-dom/cjs/react-dom.development.js:21626:16)
    at HTMLUnknownElement.callCallback (/Users/yuricoppe/Code/electron-apps-template/node_modules/react-dom/cjs/react-dom.development.js:4164:14)
    at HTMLUnknownElement.callTheUserObjectsOperation (/Users/yuricoppe/Code/electron-apps-template/node_modules/jsdom/lib/jsdom/living/generated/EventListener.js:26:30)
    at innerInvokeEventListeners (/Users/yuricoppe/Code/electron-apps-template/node_modules/jsdom/lib/jsdom/living/events/EventTarget-impl.js:360:16)
    at invokeEventListeners (/Users/yuricoppe/Code/electron-apps-template/node_modules/jsdom/lib/jsdom/living/events/EventTarget-impl.js:296:3)
    at HTMLUnknownElementImpl._dispatch (/Users/yuricoppe/Code/electron-apps-template/node_modules/jsdom/lib/jsdom/living/events/EventTarget-impl.js:243:9)
    at HTMLUnknownElementImpl.dispatchEvent (/Users/yuricoppe/Code/electron-apps-template/node_modules/jsdom/lib/jsdom/living/events/EventTarget-impl.js:114:17)
Error: Test error
    at ThrowError (/Users/yuricoppe/Code/electron-apps-template/test/unit/renderer/components/ErrorBoundary.test.jsx:10:11)
    at renderWithHooks (/Users/yuricoppe/Code/electron-apps-template/node_modules/react-dom/cjs/react-dom.development.js:15486:18)
    at mountIndeterminateComponent (/Users/yuricoppe/Code/electron-apps-template/node_modules/react-dom/cjs/react-dom.development.js:20103:13)
    at beginWork (/Users/yuricoppe/Code/electron-apps-template/node_modules/react-dom/cjs/react-dom.development.js:21626:16)
    at HTMLUnknownElement.callCallback (/Users/yuricoppe/Code/electron-apps-template/node_modules/react-dom/cjs/react-dom.development.js:4164:14)
    at HTMLUnknownElement.callTheUserObjectsOperation (/Users/yuricoppe/Code/electron-apps-template/node_modules/jsdom/lib/jsdom/living/generated/EventListener.js:26:30)
    at innerInvokeEventListeners (/Users/yuricoppe/Code/electron-apps-template/node_modules/jsdom/lib/jsdom/living/events/EventTarget-impl.js:360:16)
    at invokeEventListeners (/Users/yuricoppe/Code/electron-apps-template/node_modules/jsdom/lib/jsdom/living/events/EventTarget-impl.js:296:3)
    at HTMLUnknownElementImpl._dispatch (/Users/yuricoppe/Code/electron-apps-template/node_modules/jsdom/lib/jsdom/living/events/EventTarget-impl.js:243:9)
    at HTMLUnknownElementImpl.dispatchEvent (/Users/yuricoppe/Code/electron-apps-template/node_modules/jsdom/lib/jsdom/living/events/EventTarget-impl.js:114:17)
Error: Test error
    at ThrowError (/Users/yuricoppe/Code/electron-apps-template/test/unit/renderer/components/ErrorBoundary.test.jsx:10:11)
    at renderWithHooks (/Users/yuricoppe/Code/electron-apps-template/node_modules/react-dom/cjs/react-dom.development.js:15486:18)
    at mountIndeterminateComponent (/Users/yuricoppe/Code/electron-apps-template/node_modules/react-dom/cjs/react-dom.development.js:20103:13)
    at beginWork (/Users/yuricoppe/Code/electron-apps-template/node_modules/react-dom/cjs/react-dom.development.js:21626:16)
    at HTMLUnknownElement.callCallback (/Users/yuricoppe/Code/electron-apps-template/node_modules/react-dom/cjs/react-dom.development.js:4164:14)
    at HTMLUnknownElement.callTheUserObjectsOperation (/Users/yuricoppe/Code/electron-apps-template/node_modules/jsdom/lib/jsdom/living/generated/EventListener.js:26:30)
    at innerInvokeEventListeners (/Users/yuricoppe/Code/electron-apps-template/node_modules/jsdom/lib/jsdom/living/events/EventTarget-impl.js:360:16)
    at invokeEventListeners (/Users/yuricoppe/Code/electron-apps-template/node_modules/jsdom/lib/jsdom/living/events/EventTarget-impl.js:296:3)
    at HTMLUnknownElementImpl._dispatch (/Users/yuricoppe/Code/electron-apps-template/node_modules/jsdom/lib/jsdom/living/events/EventTarget-impl.js:243:9)
    at HTMLUnknownElementImpl.dispatchEvent (/Users/yuricoppe/Code/electron-apps-template/node_modules/jsdom/lib/jsdom/living/events/EventTarget-impl.js:114:17)
Error: Test error
    at ThrowError (/Users/yuricoppe/Code/electron-apps-template/test/unit/renderer/components/ErrorBoundary.test.jsx:10:11)
    at renderWithHooks (/Users/yuricoppe/Code/electron-apps-template/node_modules/react-dom/cjs/react-dom.development.js:15486:18)
    at mountIndeterminateComponent (/Users/yuricoppe/Code/electron-apps-template/node_modules/react-dom/cjs/react-dom.development.js:20103:13)
    at beginWork (/Users/yuricoppe/Code/electron-apps-template/node_modules/react-dom/cjs/react-dom.development.js:21626:16)
    at HTMLUnknownElement.callCallback (/Users/yuricoppe/Code/electron-apps-template/node_modules/react-dom/cjs/react-dom.development.js:4164:14)
    at HTMLUnknownElement.callTheUserObjectsOperation (/Users/yuricoppe/Code/electron-apps-template/node_modules/jsdom/lib/jsdom/living/generated/EventListener.js:26:30)
    at innerInvokeEventListeners (/Users/yuricoppe/Code/electron-apps-template/node_modules/jsdom/lib/jsdom/living/events/EventTarget-impl.js:360:16)
    at invokeEventListeners (/Users/yuricoppe/Code/electron-apps-template/node_modules/jsdom/lib/jsdom/living/events/EventTarget-impl.js:296:3)
    at HTMLUnknownElementImpl._dispatch (/Users/yuricoppe/Code/electron-apps-template/node_modules/jsdom/lib/jsdom/living/events/EventTarget-impl.js:243:9)
    at HTMLUnknownElementImpl.dispatchEvent (/Users/yuricoppe/Code/electron-apps-template/node_modules/jsdom/lib/jsdom/living/events/EventTarget-impl.js:114:17)
Error: Test error
    at ThrowError (/Users/yuricoppe/Code/electron-apps-template/test/unit/renderer/components/ErrorBoundary.test.jsx:10:11)
    at renderWithHooks (/Users/yuricoppe/Code/electron-apps-template/node_modules/react-dom/cjs/react-dom.development.js:15486:18)
    at mountIndeterminateComponent (/Users/yuricoppe/Code/electron-apps-template/node_modules/react-dom/cjs/react-dom.development.js:20103:13)
    at beginWork (/Users/yuricoppe/Code/electron-apps-template/node_modules/react-dom/cjs/react-dom.development.js:21626:16)
    at HTMLUnknownElement.callCallback (/Users/yuricoppe/Code/electron-apps-template/node_modules/react-dom/cjs/react-dom.development.js:4164:14)
    at HTMLUnknownElement.callTheUserObjectsOperation (/Users/yuricoppe/Code/electron-apps-template/node_modules/jsdom/lib/jsdom/living/generated/EventListener.js:26:30)
    at innerInvokeEventListeners (/Users/yuricoppe/Code/electron-apps-template/node_modules/jsdom/lib/jsdom/living/events/EventTarget-impl.js:360:16)
    at invokeEventListeners (/Users/yuricoppe/Code/electron-apps-template/node_modules/jsdom/lib/jsdom/living/events/EventTarget-impl.js:296:3)
    at HTMLUnknownElementImpl._dispatch (/Users/yuricoppe/Code/electron-apps-template/node_modules/jsdom/lib/jsdom/living/events/EventTarget-impl.js:243:9)
    at HTMLUnknownElementImpl.dispatchEvent (/Users/yuricoppe/Code/electron-apps-template/node_modules/jsdom/lib/jsdom/living/events/EventTarget-impl.js:114:17)
Error: Test error
    at ThrowError (/Users/yuricoppe/Code/electron-apps-template/test/unit/renderer/components/ErrorBoundary.test.jsx:10:11)
    at renderWithHooks (/Users/yuricoppe/Code/electron-apps-template/node_modules/react-dom/cjs/react-dom.development.js:15486:18)
    at mountIndeterminateComponent (/Users/yuricoppe/Code/electron-apps-template/node_modules/react-dom/cjs/react-dom.development.js:20103:13)
    at beginWork (/Users/yuricoppe/Code/electron-apps-template/node_modules/react-dom/cjs/react-dom.development.js:21626:16)
    at HTMLUnknownElement.callCallback (/Users/yuricoppe/Code/electron-apps-template/node_modules/react-dom/cjs/react-dom.development.js:4164:14)
    at HTMLUnknownElement.callTheUserObjectsOperation (/Users/yuricoppe/Code/electron-apps-template/node_modules/jsdom/lib/jsdom/living/generated/EventListener.js:26:30)
    at innerInvokeEventListeners (/Users/yuricoppe/Code/electron-apps-template/node_modules/jsdom/lib/jsdom/living/events/EventTarget-impl.js:360:16)
    at invokeEventListeners (/Users/yuricoppe/Code/electron-apps-template/node_modules/jsdom/lib/jsdom/living/events/EventTarget-impl.js:296:3)
    at HTMLUnknownElementImpl._dispatch (/Users/yuricoppe/Code/electron-apps-template/node_modules/jsdom/lib/jsdom/living/events/EventTarget-impl.js:243:9)
    at HTMLUnknownElementImpl.dispatchEvent (/Users/yuricoppe/Code/electron-apps-template/node_modules/jsdom/lib/jsdom/living/events/EventTarget-impl.js:114:17)
Error: Test error
    at ThrowError (/Users/yuricoppe/Code/electron-apps-template/test/unit/renderer/components/ErrorBoundary.test.jsx:10:11)
    at renderWithHooks (/Users/yuricoppe/Code/electron-apps-template/node_modules/react-dom/cjs/react-dom.development.js:15486:18)
    at mountIndeterminateComponent (/Users/yuricoppe/Code/electron-apps-template/node_modules/react-dom/cjs/react-dom.development.js:20103:13)
    at beginWork (/Users/yuricoppe/Code/electron-apps-template/node_modules/react-dom/cjs/react-dom.development.js:21626:16)
    at HTMLUnknownElement.callCallback (/Users/yuricoppe/Code/electron-apps-template/node_modules/react-dom/cjs/react-dom.development.js:4164:14)
    at HTMLUnknownElement.callTheUserObjectsOperation (/Users/yuricoppe/Code/electron-apps-template/node_modules/jsdom/lib/jsdom/living/generated/EventListener.js:26:30)
    at innerInvokeEventListeners (/Users/yuricoppe/Code/electron-apps-template/node_modules/jsdom/lib/jsdom/living/events/EventTarget-impl.js:360:16)
    at invokeEventListeners (/Users/yuricoppe/Code/electron-apps-template/node_modules/jsdom/lib/jsdom/living/events/EventTarget-impl.js:296:3)
    at HTMLUnknownElementImpl._dispatch (/Users/yuricoppe/Code/electron-apps-template/node_modules/jsdom/lib/jsdom/living/events/EventTarget-impl.js:243:9)
    at HTMLUnknownElementImpl.dispatchEvent (/Users/yuricoppe/Code/electron-apps-template/node_modules/jsdom/lib/jsdom/living/events/EventTarget-impl.js:114:17)
Error: Test error
    at ThrowError (/Users/yuricoppe/Code/electron-apps-template/test/unit/renderer/components/ErrorBoundary.test.jsx:10:11)
    at renderWithHooks (/Users/yuricoppe/Code/electron-apps-template/node_modules/react-dom/cjs/react-dom.development.js:15486:18)
    at mountIndeterminateComponent (/Users/yuricoppe/Code/electron-apps-template/node_modules/react-dom/cjs/react-dom.development.js:20103:13)
    at beginWork (/Users/yuricoppe/Code/electron-apps-template/node_modules/react-dom/cjs/react-dom.development.js:21626:16)
    at HTMLUnknownElement.callCallback (/Users/yuricoppe/Code/electron-apps-template/node_modules/react-dom/cjs/react-dom.development.js:4164:14)
    at HTMLUnknownElement.callTheUserObjectsOperation (/Users/yuricoppe/Code/electron-apps-template/node_modules/jsdom/lib/jsdom/living/generated/EventListener.js:26:30)
    at innerInvokeEventListeners (/Users/yuricoppe/Code/electron-apps-template/node_modules/jsdom/lib/jsdom/living/events/EventTarget-impl.js:360:16)
    at invokeEventListeners (/Users/yuricoppe/Code/electron-apps-template/node_modules/jsdom/lib/jsdom/living/events/EventTarget-impl.js:296:3)
    at HTMLUnknownElementImpl._dispatch (/Users/yuricoppe/Code/electron-apps-template/node_modules/jsdom/lib/jsdom/living/events/EventTarget-impl.js:243:9)
    at HTMLUnknownElementImpl.dispatchEvent (/Users/yuricoppe/Code/electron-apps-template/node_modules/jsdom/lib/jsdom/living/events/EventTarget-impl.js:114:17)
Error: Production Error
    at ThrowError (/Users/yuricoppe/Code/electron-apps-template/test/unit/renderer/components/ErrorBoundary.test.jsx:10:11)
    at renderWithHooks (/Users/yuricoppe/Code/electron-apps-template/node_modules/react-dom/cjs/react-dom.development.js:15486:18)
    at mountIndeterminateComponent (/Users/yuricoppe/Code/electron-apps-template/node_modules/react-dom/cjs/react-dom.development.js:20103:13)
    at beginWork (/Users/yuricoppe/Code/electron-apps-template/node_modules/react-dom/cjs/react-dom.development.js:21626:16)
    at HTMLUnknownElement.callCallback (/Users/yuricoppe/Code/electron-apps-template/node_modules/react-dom/cjs/react-dom.development.js:4164:14)
    at HTMLUnknownElement.callTheUserObjectsOperation (/Users/yuricoppe/Code/electron-apps-template/node_modules/jsdom/lib/jsdom/living/generated/EventListener.js:26:30)
    at innerInvokeEventListeners (/Users/yuricoppe/Code/electron-apps-template/node_modules/jsdom/lib/jsdom/living/events/EventTarget-impl.js:360:16)
    at invokeEventListeners (/Users/yuricoppe/Code/electron-apps-template/node_modules/jsdom/lib/jsdom/living/events/EventTarget-impl.js:296:3)
    at HTMLUnknownElementImpl._dispatch (/Users/yuricoppe/Code/electron-apps-template/node_modules/jsdom/lib/jsdom/living/events/EventTarget-impl.js:243:9)
    at HTMLUnknownElementImpl.dispatchEvent (/Users/yuricoppe/Code/electron-apps-template/node_modules/jsdom/lib/jsdom/living/events/EventTarget-impl.js:114:17)
Error: Production Error
    at ThrowError (/Users/yuricoppe/Code/electron-apps-template/test/unit/renderer/components/ErrorBoundary.test.jsx:10:11)
    at renderWithHooks (/Users/yuricoppe/Code/electron-apps-template/node_modules/react-dom/cjs/react-dom.development.js:15486:18)
    at mountIndeterminateComponent (/Users/yuricoppe/Code/electron-apps-template/node_modules/react-dom/cjs/react-dom.development.js:20103:13)
    at beginWork (/Users/yuricoppe/Code/electron-apps-template/node_modules/react-dom/cjs/react-dom.development.js:21626:16)
    at HTMLUnknownElement.callCallback (/Users/yuricoppe/Code/electron-apps-template/node_modules/react-dom/cjs/react-dom.development.js:4164:14)
    at HTMLUnknownElement.callTheUserObjectsOperation (/Users/yuricoppe/Code/electron-apps-template/node_modules/jsdom/lib/jsdom/living/generated/EventListener.js:26:30)
    at innerInvokeEventListeners (/Users/yuricoppe/Code/electron-apps-template/node_modules/jsdom/lib/jsdom/living/events/EventTarget-impl.js:360:16)
    at invokeEventListeners (/Users/yuricoppe/Code/electron-apps-template/node_modules/jsdom/lib/jsdom/living/events/EventTarget-impl.js:296:3)
    at HTMLUnknownElementImpl._dispatch (/Users/yuricoppe/Code/electron-apps-template/node_modules/jsdom/lib/jsdom/living/events/EventTarget-impl.js:243:9)
    at HTMLUnknownElementImpl.dispatchEvent (/Users/yuricoppe/Code/electron-apps-template/node_modules/jsdom/lib/jsdom/living/events/EventTarget-impl.js:114:17)
Error: Logged Error
    at ThrowError (/Users/yuricoppe/Code/electron-apps-template/test/unit/renderer/components/ErrorBoundary.test.jsx:10:11)
    at renderWithHooks (/Users/yuricoppe/Code/electron-apps-template/node_modules/react-dom/cjs/react-dom.development.js:15486:18)
    at mountIndeterminateComponent (/Users/yuricoppe/Code/electron-apps-template/node_modules/react-dom/cjs/react-dom.development.js:20103:13)
    at beginWork (/Users/yuricoppe/Code/electron-apps-template/node_modules/react-dom/cjs/react-dom.development.js:21626:16)
    at HTMLUnknownElement.callCallback (/Users/yuricoppe/Code/electron-apps-template/node_modules/react-dom/cjs/react-dom.development.js:4164:14)
    at HTMLUnknownElement.callTheUserObjectsOperation (/Users/yuricoppe/Code/electron-apps-template/node_modules/jsdom/lib/jsdom/living/generated/EventListener.js:26:30)
    at innerInvokeEventListeners (/Users/yuricoppe/Code/electron-apps-template/node_modules/jsdom/lib/jsdom/living/events/EventTarget-impl.js:360:16)
    at invokeEventListeners (/Users/yuricoppe/Code/electron-apps-template/node_modules/jsdom/lib/jsdom/living/events/EventTarget-impl.js:296:3)
    at HTMLUnknownElementImpl._dispatch (/Users/yuricoppe/Code/electron-apps-template/node_modules/jsdom/lib/jsdom/living/events/EventTarget-impl.js:243:9)
    at HTMLUnknownElementImpl.dispatchEvent (/Users/yuricoppe/Code/electron-apps-template/node_modules/jsdom/lib/jsdom/living/events/EventTarget-impl.js:114:17)
Error: Logged Error
    at ThrowError (/Users/yuricoppe/Code/electron-apps-template/test/unit/renderer/components/ErrorBoundary.test.jsx:10:11)
    at renderWithHooks (/Users/yuricoppe/Code/electron-apps-template/node_modules/react-dom/cjs/react-dom.development.js:15486:18)
    at mountIndeterminateComponent (/Users/yuricoppe/Code/electron-apps-template/node_modules/react-dom/cjs/react-dom.development.js:20103:13)
    at beginWork (/Users/yuricoppe/Code/electron-apps-template/node_modules/react-dom/cjs/react-dom.development.js:21626:16)
    at HTMLUnknownElement.callCallback (/Users/yuricoppe/Code/electron-apps-template/node_modules/react-dom/cjs/react-dom.development.js:4164:14)
    at HTMLUnknownElement.callTheUserObjectsOperation (/Users/yuricoppe/Code/electron-apps-template/node_modules/jsdom/lib/jsdom/living/generated/EventListener.js:26:30)
    at innerInvokeEventListeners (/Users/yuricoppe/Code/electron-apps-template/node_modules/jsdom/lib/jsdom/living/events/EventTarget-impl.js:360:16)
    at invokeEventListeners (/Users/yuricoppe/Code/electron-apps-template/node_modules/jsdom/lib/jsdom/living/events/EventTarget-impl.js:296:3)
    at HTMLUnknownElementImpl._dispatch (/Users/yuricoppe/Code/electron-apps-template/node_modules/jsdom/lib/jsdom/living/events/EventTarget-impl.js:243:9)
    at HTMLUnknownElementImpl.dispatchEvent (/Users/yuricoppe/Code/electron-apps-template/node_modules/jsdom/lib/jsdom/living/events/EventTarget-impl.js:114:17)
 [32m‚úì[39m test/unit/renderer/components/ErrorBoundary.test.jsx [2m([22m[2m9 tests[22m[2m)[22m[32m 236[2mms[22m[39m
[90mstderr[2m | test/unit/renderer/components/SafeHTML.test.jsx[2m > [22m[2mSafeHTML Component[2m > [22m[2mshould handle null HTML
[22m[39mWarning: Failed prop type: The prop `html` is marked as required in `SafeHTML`, but its value is `null`.
    at SafeHTML (/Users/yuricoppe/Code/electron-apps-template/src/renderer/components/shared/SafeHTML.jsx:113:21)

[90mstderr[2m | test/unit/renderer/components/SafeHTML.test.jsx[2m > [22m[2mSafeHTML Component[2m > [22m[2mshould handle undefined HTML
[22m[39mWarning: Failed prop type: The prop `html` is marked as required in `SafeHTML`, but its value is `undefined`.
    at SafeHTML (/Users/yuricoppe/Code/electron-apps-template/src/renderer/components/shared/SafeHTML.jsx:113:21)

 [32m‚úì[39m test/unit/renderer/components/SafeHTML.test.jsx [2m([22m[2m15 tests[22m[2m)[22m[32m 60[2mms[22m[39m
 [32m‚úì[39m src/renderer/test/Tabs.test.jsx [2m([22m[2m5 tests[22m[2m)[22m[32m 49[2mms[22m[39m
 [32m‚úì[39m test/unit/renderer/components/StatusBar.test.jsx [2m([22m[2m3 tests[22m[2m)[22m[32m 25[2mms[22m[39m
[90mstderr[2m | test/unit/renderer/components/CommandPalette.test.jsx[2m > [22m[2mCommandPalette[2m > [22m[2mshould render when isOpen is true
[22m[39mWarning: Unknown event handler property `onValueChange`. It will be ignored.
    at input
    at div
    at div
    at Command (/Users/yuricoppe/Code/electron-apps-template/test/unit/renderer/components/CommandPalette.test.jsx:3:22)
    at div
    at MotionDOMComponent (file:///Users/yuricoppe/Code/electron-apps-template/node_modules/framer-motion/dist/es/motion/index.mjs:42:16)
    at div
    at PresenceChild (file:///Users/yuricoppe/Code/electron-apps-template/node_modules/framer-motion/dist/es/components/AnimatePresence/PresenceChild.mjs:9:26)
    at AnimatePresence (file:///Users/yuricoppe/Code/electron-apps-template/node_modules/framer-motion/dist/es/components/AnimatePresence/index.mjs:44:28)
    at CommandPalette (/Users/yuricoppe/Code/electron-apps-template/src/renderer/components/CommandPalette.jsx:42:94)
Warning: You provided a `value` prop to a form field without an `onChange` handler. This will render a read-only field. If the field should be mutable use `defaultValue`. Otherwise, set either `onChange` or `readOnly`.
    at input
    at div
    at div
    at Command (/Users/yuricoppe/Code/electron-apps-template/test/unit/renderer/components/CommandPalette.test.jsx:3:22)
    at div
    at MotionDOMComponent (file:///Users/yuricoppe/Code/electron-apps-template/node_modules/framer-motion/dist/es/motion/index.mjs:42:16)
    at div
    at PresenceChild (file:///Users/yuricoppe/Code/electron-apps-template/node_modules/framer-motion/dist/es/components/AnimatePresence/PresenceChild.mjs:9:26)
    at AnimatePresence (file:///Users/yuricoppe/Code/electron-apps-template/node_modules/framer-motion/dist/es/components/AnimatePresence/index.mjs:44:28)
    at CommandPalette (/Users/yuricoppe/Code/electron-apps-template/src/renderer/components/CommandPalette.jsx:42:94)
Warning: Invalid value for prop `filter` on <div> tag. Either remove it from the element, or pass a string or number value to keep it in the DOM. For details, see https://reactjs.org/link/attribute-behavior 
    at div
    at Command (/Users/yuricoppe/Code/electron-apps-template/test/unit/renderer/components/CommandPalette.test.jsx:3:22)
    at div
    at MotionDOMComponent (file:///Users/yuricoppe/Code/electron-apps-template/node_modules/framer-motion/dist/es/motion/index.mjs:42:16)
    at div
    at PresenceChild (file:///Users/yuricoppe/Code/electron-apps-template/node_modules/framer-motion/dist/es/components/AnimatePresence/PresenceChild.mjs:9:26)
    at AnimatePresence (file:///Users/yuricoppe/Code/electron-apps-template/node_modules/framer-motion/dist/es/components/AnimatePresence/index.mjs:44:28)
    at CommandPalette (/Users/yuricoppe/Code/electron-apps-template/src/renderer/components/CommandPalette.jsx:42:94)

[90mstderr[2m | test/unit/renderer/components/CommandPalette.test.jsx[2m > [22m[2mCommandPalette[2m > [22m[2mshould display commands grouped by category
[22m[39mWarning: You provided a `value` prop to a form field without an `onChange` handler. This will render a read-only field. If the field should be mutable use `defaultValue`. Otherwise, set either `onChange` or `readOnly`.
    at input
    at div
    at div
    at Command (/Users/yuricoppe/Code/electron-apps-template/test/unit/renderer/components/CommandPalette.test.jsx:3:22)
    at div
    at MotionDOMComponent (file:///Users/yuricoppe/Code/electron-apps-template/node_modules/framer-motion/dist/es/motion/index.mjs:42:16)
    at div
    at PresenceChild (file:///Users/yuricoppe/Code/electron-apps-template/node_modules/framer-motion/dist/es/components/AnimatePresence/PresenceChild.mjs:9:26)
    at AnimatePresence (file:///Users/yuricoppe/Code/electron-apps-template/node_modules/framer-motion/dist/es/components/AnimatePresence/index.mjs:44:28)
    at CommandPalette (/Users/yuricoppe/Code/electron-apps-template/src/renderer/components/CommandPalette.jsx:42:94)

[90mstderr[2m | test/unit/renderer/components/CommandPalette.test.jsx[2m > [22m[2mCommandPalette[2m > [22m[2mshould execute command action and close palette on selection
[22m[39mWarning: You provided a `value` prop to a form field without an `onChange` handler. This will render a read-only field. If the field should be mutable use `defaultValue`. Otherwise, set either `onChange` or `readOnly`.
    at input
    at div
    at div
    at Command (/Users/yuricoppe/Code/electron-apps-template/test/unit/renderer/components/CommandPalette.test.jsx:3:22)
    at div
    at MotionDOMComponent (file:///Users/yuricoppe/Code/electron-apps-template/node_modules/framer-motion/dist/es/motion/index.mjs:42:16)
    at div
    at PresenceChild (file:///Users/yuricoppe/Code/electron-apps-template/node_modules/framer-motion/dist/es/components/AnimatePresence/PresenceChild.mjs:9:26)
    at AnimatePresence (file:///Users/yuricoppe/Code/electron-apps-template/node_modules/framer-motion/dist/es/components/AnimatePresence/index.mjs:44:28)
    at CommandPalette (/Users/yuricoppe/Code/electron-apps-template/src/renderer/components/CommandPalette.jsx:42:94)

[90mstderr[2m | test/unit/renderer/components/CommandPalette.test.jsx[2m > [22m[2mCommandPalette[2m > [22m[2mshould close on backdrop click
[22m[39mWarning: You provided a `value` prop to a form field without an `onChange` handler. This will render a read-only field. If the field should be mutable use `defaultValue`. Otherwise, set either `onChange` or `readOnly`.
    at input
    at div
    at div
    at Command (/Users/yuricoppe/Code/electron-apps-template/test/unit/renderer/components/CommandPalette.test.jsx:3:22)
    at div
    at MotionDOMComponent (file:///Users/yuricoppe/Code/electron-apps-template/node_modules/framer-motion/dist/es/motion/index.mjs:42:16)
    at div
    at PresenceChild (file:///Users/yuricoppe/Code/electron-apps-template/node_modules/framer-motion/dist/es/components/AnimatePresence/PresenceChild.mjs:9:26)
    at AnimatePresence (file:///Users/yuricoppe/Code/electron-apps-template/node_modules/framer-motion/dist/es/components/AnimatePresence/index.mjs:44:28)
    at CommandPalette (/Users/yuricoppe/Code/electron-apps-template/src/renderer/components/CommandPalette.jsx:42:94)

 [31m‚ùØ[39m test/unit/renderer/components/CommandPalette.test.jsx [2m([22m[2m5 tests[22m[2m | [22m[31m1 failed[39m[2m)[22m[32m 45[2mms[22m[39m
     [32m‚úì[39m should not render when isOpen is false[32m 9[2mms[22m[39m
     [32m‚úì[39m should render when isOpen is true[32m 20[2mms[22m[39m
     [32m‚úì[39m should display commands grouped by category[32m 7[2mms[22m[39m
     [32m‚úì[39m should execute command action and close palette on selection[32m 5[2mms[22m[39m
[31m     [31m√ó[31m should close on backdrop click[39m[32m 4[2mms[22m[39m
 [31m‚ùØ[39m test/unit/renderer/App.test.jsx [2m([22m[2m5 tests[22m[2m | [22m[31m5 failed[39m[2m)[22m[32m 80[2mms[22m[39m
[31m     [31m√ó[31m deve renderizar o componente App sem erros[39m[32m 17[2mms[22m[39m
[31m     [31m√ó[31m deve exibir o header com t√≠tulo[39m[32m 59[2mms[22m[39m
[31m     [31m√ó[31m deve exibir caracter√≠sticas da aplica√ß√£o[39m[32m 1[2mms[22m[39m
[31m     [31m√ó[31m deve mostrar bot√µes de navega√ß√£o[39m[32m 1[2mms[22m[39m
[31m     [31m√ó[31m deve renderizar a p√°gina inicial por padr√£o[39m[32m 1[2mms[22m[39m
 [32m‚úì[39m test/unit/renderer/i18n/i18n.test.js [2m([22m[2m5 tests[22m[2m)[22m[32m 17[2mms[22m[39m
 [32m‚úì[39m src/renderer/components/demo/IPCDemo.test.jsx [2m([22m[2m4 tests[22m[2m)[22m[32m 107[2mms[22m[39m
 [32m‚úì[39m test/unit/renderer/components/Onboarding.test.jsx [2m([22m[2m5 tests[22m[2m)[22m[32m 188[2mms[22m[39m
 [32m‚úì[39m test/unit/renderer/components/TabBar.test.jsx [2m([22m[2m5 tests[22m[2m)[22m[32m 39[2mms[22m[39m
[90mstderr[2m | src/renderer/components/demo/DataManagementDemo.test.jsx[2m > [22m[2mDataManagementDemo[2m > [22m[2mswitches tabs correctly
[22m[39mWarning: An update to DataManagementDemo inside a test was not wrapped in act(...).

When testing, code that causes React state updates should be wrapped into act(...):

act(() => {
  /* fire events that update state */
});
/* assert on the output */

This ensures that you're testing the behavior the user would see in the browser. Learn more at https://reactjs.org/link/wrap-tests-with-act
    at DataManagementDemo (/Users/yuricoppe/Code/electron-apps-template/src/renderer/components/demo/DataManagementDemo.jsx:26:71)
Warning: An update to DataManagementDemo inside a test was not wrapped in act(...).

When testing, code that causes React state updates should be wrapped into act(...):

act(() => {
  /* fire events that update state */
});
/* assert on the output */

This ensures that you're testing the behavior the user would see in the browser. Learn more at https://reactjs.org/link/wrap-tests-with-act
    at DataManagementDemo (/Users/yuricoppe/Code/electron-apps-template/src/renderer/components/demo/DataManagementDemo.jsx:26:71)

 [32m‚úì[39m src/renderer/components/demo/DataManagementDemo.test.jsx [2m([22m[2m4 tests[22m[2m)[22m[32m 115[2mms[22m[39m
 [32m‚úì[39m src/renderer/components/features/secure-storage/SecureStorageDemo.test.jsx [2m([22m[2m9 tests[22m[2m)[22m[33m 457[2mms[22m[39m

[31m‚éØ‚éØ‚éØ‚éØ‚éØ‚éØ[39m[1m[41m Failed Suites 2 [49m[22m[31m‚éØ‚éØ‚éØ‚éØ‚éØ‚éØ‚éØ[39m

[41m[1m FAIL [22m[49m test/unit/renderer/DataManagement.test.jsx[2m [ test/unit/renderer/DataManagement.test.jsx ][22m
[31m[1mError[22m: Failed to resolve import "../../../src/renderer/components/pages/HomePage.jsx" from "test/unit/renderer/DataManagement.test.jsx". Does the file exist?[39m
  Plugin: [35mvite:import-analysis[39m
  File: [36m/Users/yuricoppe/Code/electron-apps-template/test/unit/renderer/DataManagement.test.jsx[39m:5:0
[33m  29 |  const __vi_import_1__ = await import("react");
  30 |  const __vi_import_2__ = await import("@testing-library/react");
  31 |  const __vi_import_3__ = await import("../../../src/renderer/components/pages/HomePage.jsx");
     |                                       ^
  32 |  const __vi_import_4__ = await import("../../../src/renderer/components/pages/SettingsPage.jsx");
  33 |  const __vi_import_5__ = await import("../../../src/renderer/contexts/TabContext.jsx");[39m
[90m [2m‚ùØ[22m TransformPluginContext._formatLog node_modules/vite/dist/node/chunks/config.js:[2m28998:43[22m[39m
[90m [2m‚ùØ[22m TransformPluginContext.error node_modules/vite/dist/node/chunks/config.js:[2m28995:14[22m[39m
[90m [2m‚ùØ[22m normalizeUrl node_modules/vite/dist/node/chunks/config.js:[2m27118:18[22m[39m
[90m [2m‚ùØ[22m node_modules/vite/dist/node/chunks/config.js:[2m27176:32[22m[39m
[90m [2m‚ùØ[22m TransformPluginContext.transform node_modules/vite/dist/node/chunks/config.js:[2m27144:4[22m[39m
[90m [2m‚ùØ[22m EnvironmentPluginContainer.transform node_modules/vite/dist/node/chunks/config.js:[2m28796:14[22m[39m
[90m [2m‚ùØ[22m loadAndTransform node_modules/vite/dist/node/chunks/config.js:[2m22669:26[22m[39m

[31m[2m‚éØ‚éØ‚éØ‚éØ‚éØ‚éØ‚éØ‚éØ‚éØ‚éØ‚éØ‚éØ‚éØ‚éØ‚éØ‚éØ‚éØ‚éØ‚éØ‚éØ‚éØ‚éØ‚éØ[1/23]‚éØ[22m[39m

[41m[1m FAIL [22m[49m test/unit/renderer/components/Demo.test.jsx[2m [ test/unit/renderer/components/Demo.test.jsx ][22m
[31m[1mError[22m: Failed to resolve import "../../../../src/renderer/components/demo/LegacyDemo" from "test/unit/renderer/components/Demo.test.jsx". Does the file exist?[39m
  Plugin: [35mvite:import-analysis[39m
  File: [36m/Users/yuricoppe/Code/electron-apps-template/test/unit/renderer/components/Demo.test.jsx[39m:4:17
[33m  3  |  import { describe, it, expect, vi, beforeEach } from "vitest";
  4  |  import { render, screen, fireEvent, waitFor } from "@testing-library/react";
  5  |  import Demo from "../../../../src/renderer/components/demo/LegacyDemo";
     |                    ^
  6  |  describe("Demo Component", () => {
  7  |    beforeEach(() => {[39m
[90m [2m‚ùØ[22m TransformPluginContext._formatLog node_modules/vite/dist/node/chunks/config.js:[2m28998:43[22m[39m
[90m [2m‚ùØ[22m TransformPluginContext.error node_modules/vite/dist/node/chunks/config.js:[2m28995:14[22m[39m
[90m [2m‚ùØ[22m normalizeUrl node_modules/vite/dist/node/chunks/config.js:[2m27118:18[22m[39m
[90m [2m‚ùØ[22m node_modules/vite/dist/node/chunks/config.js:[2m27176:32[22m[39m
[90m [2m‚ùØ[22m TransformPluginContext.transform node_modules/vite/dist/node/chunks/config.js:[2m27144:4[22m[39m
[90m [2m‚ùØ[22m EnvironmentPluginContainer.transform node_modules/vite/dist/node/chunks/config.js:[2m28796:14[22m[39m
[90m [2m‚ùØ[22m loadAndTransform node_modules/vite/dist/node/chunks/config.js:[2m22669:26[22m[39m

[31m[2m‚éØ‚éØ‚éØ‚éØ‚éØ‚éØ‚éØ‚éØ‚éØ‚éØ‚éØ‚éØ‚éØ‚éØ‚éØ‚éØ‚éØ‚éØ‚éØ‚éØ‚éØ‚éØ‚éØ[2/23]‚éØ[22m[39m


[31m‚éØ‚éØ‚éØ‚éØ‚éØ‚éØ[39m[1m[41m Failed Tests 21 [49m[22m[31m‚éØ‚éØ‚éØ‚éØ‚éØ‚éØ‚éØ[39m

[41m[1m FAIL [22m[49m src/renderer/test/productivity-features.test.jsx[2m > [22mProductivity Features[2m > [22mSettingsContext[2m > [22mprovides default settings and updates them
[41m[1m FAIL [22m[49m src/renderer/test/productivity-features.test.jsx[2m > [22mProductivity Features[2m > [22mHistoryContext[2m > [22mmanages undo/redo stack
[41m[1m FAIL [22m[49m src/renderer/test/productivity-features.test.jsx[2m > [22mProductivity Features[2m > [22mTourContext[2m > [22mstarts tour if not completed
[31m[1mTypeError[22m: window.matchMedia is not a function[39m
[36m [2m‚ùØ[22m applyTheme src/renderer/contexts/SettingsContext.jsx:[2m68:64[22m[39m
    [90m 66| [39m
    [90m 67| [39m    [35mconst[39m applyTheme [33m=[39m (t) [33m=>[39m {
    [90m 68| [39m      const isDark = t === 'dark' || (t === 'system' && window.matchMe‚Ä¶
    [90m   | [39m                                                               [31m^[39m
    [90m 69| [39m      root[33m.[39mclassList[33m.[39m[34mtoggle[39m([32m'dark'[39m[33m,[39m isDark)[33m;[39m
    [90m 70| [39m    }[33m;[39m
[90m [2m‚ùØ[22m src/renderer/contexts/SettingsContext.jsx:[2m72:5[22m[39m
[90m [2m‚ùØ[22m commitHookEffectListMount node_modules/react-dom/cjs/react-dom.development.js:[2m23189:26[22m[39m
[90m [2m‚ùØ[22m commitPassiveMountOnFiber node_modules/react-dom/cjs/react-dom.development.js:[2m24970:11[22m[39m
[90m [2m‚ùØ[22m commitPassiveMountEffects_complete node_modules/react-dom/cjs/react-dom.development.js:[2m24930:9[22m[39m
[90m [2m‚ùØ[22m commitPassiveMountEffects_begin node_modules/react-dom/cjs/react-dom.development.js:[2m24917:7[22m[39m
[90m [2m‚ùØ[22m commitPassiveMountEffects node_modules/react-dom/cjs/react-dom.development.js:[2m24905:3[22m[39m
[90m [2m‚ùØ[22m flushPassiveEffectsImpl node_modules/react-dom/cjs/react-dom.development.js:[2m27078:3[22m[39m
[90m [2m‚ùØ[22m flushPassiveEffects node_modules/react-dom/cjs/react-dom.development.js:[2m27023:14[22m[39m
[90m [2m‚ùØ[22m node_modules/react-dom/cjs/react-dom.development.js:[2m26808:9[22m[39m

[31m[2m‚éØ‚éØ‚éØ‚éØ‚éØ‚éØ‚éØ‚éØ‚éØ‚éØ‚éØ‚éØ‚éØ‚éØ‚éØ‚éØ‚éØ‚éØ‚éØ‚éØ‚éØ‚éØ‚éØ[3/23]‚éØ[22m[39m

[41m[1m FAIL [22m[49m test/unit/renderer/App.test.jsx[2m > [22mApp Component[2m > [22mdeve renderizar o componente App sem erros
[31m[1mTestingLibraryElementError[22m: Unable to find an element with the text: /home.title/i. This could be because the text is broken up by multiple elements. In this case, you can provide a function for your text matcher to make your matcher more flexible.

Ignored nodes: comments, script, style
[36m<body>[31m
  [36m<div />[31m
[36m</body>[31m[39m
[90m [2m‚ùØ[22m Object.getElementError node_modules/@testing-library/dom/dist/config.js:[2m37:19[22m[39m
[90m [2m‚ùØ[22m node_modules/@testing-library/dom/dist/query-helpers.js:[2m76:38[22m[39m
[90m [2m‚ùØ[22m node_modules/@testing-library/dom/dist/query-helpers.js:[2m52:17[22m[39m
[90m [2m‚ùØ[22m node_modules/@testing-library/dom/dist/query-helpers.js:[2m95:19[22m[39m
[36m [2m‚ùØ[22m test/unit/renderer/App.test.jsx:[2m10:19[22m[39m
    [90m  8| [39m    [34mrender[39m([33m<[39m[33mApp[39m [33m/[39m[33m>[39m)[33m;[39m
    [90m  9| [39m
    [90m 10| [39m    [34mexpect[39m(screen[33m.[39m[34mgetByText[39m([36m/home.title/i[39m))[33m.[39m[34mtoBeInTheDocument[39m()[33m;[39m
    [90m   | [39m                  [31m^[39m
    [90m 11| [39m  })[33m;[39m
    [90m 12| [39m

[31m[2m‚éØ‚éØ‚éØ‚éØ‚éØ‚éØ‚éØ‚éØ‚éØ‚éØ‚éØ‚éØ‚éØ‚éØ‚éØ‚éØ‚éØ‚éØ‚éØ‚éØ‚éØ‚éØ‚éØ[4/23]‚éØ[22m[39m

[41m[1m FAIL [22m[49m test/unit/renderer/App.test.jsx[2m > [22mApp Component[2m > [22mdeve exibir o header com t√≠tulo
[31m[1mTestingLibraryElementError[22m: Unable to find an accessible element with the role "heading" and name `/home.title/i`

There are no accessible roles. But there might be some inaccessible roles. If you wish to access them, then set the `hidden` option to `true`. Learn more about this here: https://testing-library.com/docs/dom-testing-library/api-queries#byrole

Ignored nodes: comments, script, style
[36m<body>[31m
  [36m<div />[31m
[36m</body>[31m[39m
[90m [2m‚ùØ[22m Object.getElementError node_modules/@testing-library/dom/dist/config.js:[2m37:19[22m[39m
[90m [2m‚ùØ[22m node_modules/@testing-library/dom/dist/query-helpers.js:[2m76:38[22m[39m
[90m [2m‚ùØ[22m node_modules/@testing-library/dom/dist/query-helpers.js:[2m52:17[22m[39m
[90m [2m‚ùØ[22m node_modules/@testing-library/dom/dist/query-helpers.js:[2m95:19[22m[39m
[36m [2m‚ùØ[22m test/unit/renderer/App.test.jsx:[2m16:28[22m[39m
    [90m 14| [39m    [34mrender[39m([33m<[39m[33mApp[39m [33m/[39m[33m>[39m)[33m;[39m
    [90m 15| [39m
    [90m 16| [39m    [35mconst[39m heading [33m=[39m screen[33m.[39m[34mgetByRole[39m([32m'heading'[39m[33m,[39m {
    [90m   | [39m                           [31m^[39m
    [90m 17| [39m      name[33m:[39m [36m/home.title/i[39m[33m,[39m
    [90m 18| [39m    })[33m;[39m

[31m[2m‚éØ‚éØ‚éØ‚éØ‚éØ‚éØ‚éØ‚éØ‚éØ‚éØ‚éØ‚éØ‚éØ‚éØ‚éØ‚éØ‚éØ‚éØ‚éØ‚éØ‚éØ‚éØ‚éØ[5/23]‚éØ[22m[39m

[41m[1m FAIL [22m[49m test/unit/renderer/App.test.jsx[2m > [22mApp Component[2m > [22mdeve exibir caracter√≠sticas da aplica√ß√£o
[31m[1mTestingLibraryElementError[22m: Unable to find an element with the text: /home.cards.security.features.context/i. This could be because the text is broken up by multiple elements. In this case, you can provide a function for your text matcher to make your matcher more flexible.

Ignored nodes: comments, script, style
[36m<body>[31m
  [36m<div />[31m
[36m</body>[31m[39m
[90m [2m‚ùØ[22m Object.getElementError node_modules/@testing-library/dom/dist/config.js:[2m37:19[22m[39m
[90m [2m‚ùØ[22m node_modules/@testing-library/dom/dist/query-helpers.js:[2m76:38[22m[39m
[90m [2m‚ùØ[22m node_modules/@testing-library/dom/dist/query-helpers.js:[2m52:17[22m[39m
[90m [2m‚ùØ[22m node_modules/@testing-library/dom/dist/query-helpers.js:[2m95:19[22m[39m
[36m [2m‚ùØ[22m test/unit/renderer/App.test.jsx:[2m25:19[22m[39m
    [90m 23| [39m    [34mrender[39m([33m<[39m[33mApp[39m [33m/[39m[33m>[39m)[33m;[39m
    [90m 24| [39m
    [90m 25| [39m    expect(screen.getByText(/home.cards.security.features.context/i)).‚Ä¶
    [90m   | [39m                  [31m^[39m
    [90m 26| [39m    expect(screen.getByText(/home.cards.security.features.node/i)).toB‚Ä¶
    [90m 27| [39m    expect(screen.getByText(/home.cards.stack.features.shadcn/i)).toBe‚Ä¶

[31m[2m‚éØ‚éØ‚éØ‚éØ‚éØ‚éØ‚éØ‚éØ‚éØ‚éØ‚éØ‚éØ‚éØ‚éØ‚éØ‚éØ‚éØ‚éØ‚éØ‚éØ‚éØ‚éØ‚éØ[6/23]‚éØ[22m[39m

[41m[1m FAIL [22m[49m test/unit/renderer/App.test.jsx[2m > [22mApp Component[2m > [22mdeve mostrar bot√µes de navega√ß√£o
[31m[1mTestingLibraryElementError[22m: Unable to find an element with the text: /nav.home/i. This could be because the text is broken up by multiple elements. In this case, you can provide a function for your text matcher to make your matcher more flexible.

Ignored nodes: comments, script, style
[36m<body>[31m
  [36m<div />[31m
[36m</body>[31m[39m
[90m [2m‚ùØ[22m Object.getElementError node_modules/@testing-library/dom/dist/config.js:[2m37:19[22m[39m
[90m [2m‚ùØ[22m node_modules/@testing-library/dom/dist/query-helpers.js:[2m76:38[22m[39m
[90m [2m‚ùØ[22m node_modules/@testing-library/dom/dist/query-helpers.js:[2m109:15[22m[39m
[36m [2m‚ùØ[22m test/unit/renderer/App.test.jsx:[2m35:32[22m[39m
    [90m 33| [39m    // Since we mock t(key) => key, and AppShell uses üè† {t('nav.home'‚Ä¶
    [90m 34| [39m    [90m// The output will be "üè† nav.home"[39m
    [90m 35| [39m    [35mconst[39m homeButtons [33m=[39m screen[33m.[39m[34mgetAllByText[39m([36m/nav.home/i[39m)[33m;[39m
    [90m   | [39m                               [31m^[39m
    [90m 36| [39m    [34mexpect[39m(homeButtons[33m.[39mlength)[33m.[39m[34mtoBeGreaterThan[39m([34m0[39m)[33m;[39m
    [90m 37| [39m

[31m[2m‚éØ‚éØ‚éØ‚éØ‚éØ‚éØ‚éØ‚éØ‚éØ‚éØ‚éØ‚éØ‚éØ‚éØ‚éØ‚éØ‚éØ‚éØ‚éØ‚éØ‚éØ‚éØ‚éØ[7/23]‚éØ[22m[39m

[41m[1m FAIL [22m[49m test/unit/renderer/App.test.jsx[2m > [22mApp Component[2m > [22mdeve renderizar a p√°gina inicial por padr√£o
[31m[1mTestingLibraryElementError[22m: Unable to find an element with the text: /home.title/i. This could be because the text is broken up by multiple elements. In this case, you can provide a function for your text matcher to make your matcher more flexible.

Ignored nodes: comments, script, style
[36m<body>[31m
  [36m<div />[31m
[36m</body>[31m[39m
[90m [2m‚ùØ[22m Object.getElementError node_modules/@testing-library/dom/dist/config.js:[2m37:19[22m[39m
[90m [2m‚ùØ[22m node_modules/@testing-library/dom/dist/query-helpers.js:[2m76:38[22m[39m
[90m [2m‚ùØ[22m node_modules/@testing-library/dom/dist/query-helpers.js:[2m52:17[22m[39m
[90m [2m‚ùØ[22m node_modules/@testing-library/dom/dist/query-helpers.js:[2m95:19[22m[39m
[36m [2m‚ùØ[22m test/unit/renderer/App.test.jsx:[2m62:28[22m[39m
    [90m 60| [39m    [34mrender[39m([33m<[39m[33mApp[39m [33m/[39m[33m>[39m)[33m;[39m
    [90m 61| [39m
    [90m 62| [39m    [35mconst[39m heading [33m=[39m screen[33m.[39m[34mgetByText[39m([36m/home.title/i[39m)[33m;[39m
    [90m   | [39m                           [31m^[39m
    [90m 63| [39m    [34mexpect[39m(heading)[33m.[39m[34mtoBeInTheDocument[39m()[33m;[39m
    [90m 64| [39m  })[33m;[39m

[31m[2m‚éØ‚éØ‚éØ‚éØ‚éØ‚éØ‚éØ‚éØ‚éØ‚éØ‚éØ‚éØ‚éØ‚éØ‚éØ‚éØ‚éØ‚éØ‚éØ‚éØ‚éØ‚éØ‚éØ[8/23]‚éØ[22m[39m

[41m[1m FAIL [22m[49m src/renderer/components/demo/ConnectivityDemo.test.jsx[2m > [22mConnectivityDemo[2m > [22mrenders correctly
[31m[1mTestingLibraryElementError[22m[39m: Unable to find an element with the text: Connection Status. This could be because the text is broken up by multiple elements. In this case, you can provide a function for your text matcher to make your matcher more flexible.

Ignored nodes: comments, script, style
[36m<body>[39m
  [36m<div>[39m
    [36m<div[39m
      [33mclass[39m=[32m"space-y-4"[39m
    [36m>[39m
      [36m<div[39m
        [33mclass[39m=[32m"rounded-lg border border-border bg-card text-card-foreground shadow-sm"[39m
      [36m>[39m
        [36m<div[39m
          [33mclass[39m=[32m"flex flex-col space-y-1.5 p-6"[39m
        [36m>[39m
          [36m<h3[39m
            [33mclass[39m=[32m"text-2xl font-semibold leading-none tracking-tight"[39m
          [36m>[39m
            [0mdemo.status_title[0m
          [36m</h3>[39m
          [36m<p[39m
            [33mclass[39m=[32m"text-sm text-muted-foreground"[39m
          [36m>[39m
            [0mdemo.status_desc[0m
          [36m</p>[39m
        [36m</div>[39m
        [36m<div[39m
          [33mclass[39m=[32m"p-6 pt-0 space-y-4"[39m
        [36m>[39m
          [36m<div[39m
            [33mclass[39m=[32m"flex items-center gap-4"[39m
          [36m>[39m
            [36m<div[39m
              [33mclass[39m=[32m"w-4 h-4 rounded-full bg-green-500"[39m
            [36m/>[39m
            [36m<div>[39m
              [36m<div[39m
                [33mclass[39m=[32m"font-semibold"[39m
              [36m>[39m
                [0mdemo.online[0m
              [36m</div>[39m
              [36m<div[39m
                [33mclass[39m=[32m"text-sm text-muted-foreground"[39m
              [36m>[39m
                [0mdemo.connected[0m
              [36m</div>[39m
            [36m</div>[39m
          [36m</div>[39m
          [36m<button[39m
            [33mclass[39m=[32m"inline-flex items-center justify-center whitespace-nowrap rounded-md text-sm font-medium ring-offset-background transition-colors focus-visible:outline-none focus-visible:ring-2 focus-visible:ring-ring focus-visible:ring-offset-2 disabled:pointer-events-none disabled:opacity-50 border border-input bg-background hover:bg-accent hover:text-accent-foreground h-10 px-4 py-2"[39m
          [36m>[39m
            [0mdemo.sim_offline[0m
          [36m</button>[39m
        [36m</div>[39m
      [36m</div>[39m
      [36m<div[39m
        [33mclass[39m=[32m"rounded-lg border border-border bg-card text-card-foreground shadow-sm"[39m
      [36m>[39m
        [36m<div[39m
          [33mclass[39m=[32m"flex flex-col space-y-1.5 p-6"[39m
        [36m>[39m
          [36m<h3[39m
            [33mclass[39m=[32m"text-2xl font-semibold leading-none tracking-tight"[39m
          [36m>[39m
            [0mdemo.stats_title[0m
          [36m</h3>[39m
          [36m<p[39m
            [33mclass[39m=[32m"text-sm text-muted-foreground"[39m
          [36m>[39m
            [0mdemo.stats_desc[0m
          [36m</p>[39m
        [36m</div>[39m
        [36m<div[39m
          [33mclass[39m=[32m"p-6 pt-0 space-y-4"[39m
        [36m>[39m
          [36m<div[39m
            [33mclass[39m=[32m"grid grid-cols-3 gap-4"[39m
          [36m>[39m
            [36m<div[39m
              [33mclass[39m=[32m"text-center p-4 border border-border rounded"[39m
            [36m>[39m
              [36m<div[39m
                [33mclass[39m=[32m"text-2xl font-bold"[39m
              [36m>[39m
                [0m0[0m
              [36m</div>[39m
              [36m<div[39m
                [33mclass[39m=[32m"text-sm text-muted-foreground"[39m
              [36m>[39m
                [0mdemo.pending[0m
              [36m</div>[39m
            [36m</div>[39m
            [36m<div[39m
              [33mclass[39m=[32m"text-center p-4 border border-border rounded"[39m
            [36m>[39m
              [36m<div[39m
                [33mclass[39m=[32m"text-2xl font-bold text-green-600"[39m
              [36m>[39m
                [0m0[0m
              [36m</div>[39m
              [36m<div[39m
                [33mclass[39m=[32m"text-sm text-muted-foreground"[39m
              [36m>[39m
                [0mdemo.completed[0m
              [36m</div>[39m
            [36m</div>[39m
            [36m<div[39m
              [33mclass[39m=[32m"text-center p-4 border border-border rounded"[39m
            [36m>[39m
              [36m<div[39m
                [33mclass[39m=[32m"text-2xl font-bold text-red-600"[39m
              [36m>[39m
                [0m0[0m
              [36m</div>[39m
              [36m<div[39m
                [33mclass[39m=[32m"text-sm text-muted-foreground"[39m
              [36m>[39m
                [0mdemo.failed[0m
              [36m</div>[39m
            [36m</div>[39m
          [36m</div>[39m
          [36m<div[39m
            [33mclass[39m=[32m"flex gap-2"[39m
          [36m>[39m
            [36m<button[39m
              [33mclass[39m=[32m"inline-flex items-center justify-center whitespace-nowrap rounded-md text-sm font-medium ring-offset-background transition-colors focus-visible:outline-none focus-visible:ring-2 focus-visible:ring-ring focus-visible:ring-offset-2 disabled:pointer-events-none disabled:opacity-50 bg-primary text-primary-foreground hover:bg-primary/90 active:bg-primary/80 h-10 px-4 py-2 cursor-not-allowed"[39m
              [33mdisabled[39m=[32m""[39m
            [36m>[39m
              [0mdemo.trigger_sync[0m
            [36m</button>[39m
            [36m<button[39m
              [33mclass[39m=[32m"inline-flex items-center justify-center whitespace-nowrap rounded-md text-sm font-medium ring-offset-background transition-colors focus-visible:outline-none focus-visible:ring-2 focus-visible:ring-ring focus-visible:ring-offset-2 disabled:pointer-events-none disabled:opacity-50 border border-input bg-background hover:bg-accent hover:text-accent-foreground h-10 px-4 py-2 cursor-not-allowed"[39m
              [33mdisabled[39m=[32m""[39m
            [36m>[39m
              [0mdemo.clear_queue[0m
            [36m</button>[39m
          [36m</div>[39m
        [36m</div>[39m
      [36m</div>[39m
      [36m<div[39m
        [33mclass[39m=[32m"rounded-lg border border-border bg-card text-card-foreground shadow-sm"[39m
      [36m>[39m
        [36m<div[39m
          [33mclass[39m=[32m"flex flex-col space-y-1.5 p-6"[39m
        [36m>[39m
          [36m<h3[39m
            [33mclass[39m=[32m"text-2xl font-semibold leading-none tracking-tight"[39m
          [36m>[39m
            [0mdemo.queue_title[0m
          [36m</h3>[39m
          [36m<p[39m
            [33mclass[39m=[32m"text-sm text-muted-foreground"[39m
          [36m>[39m
            [0mdemo.queue_desc[0m
          [36m</p>[39m
        [36m</div>[39m
        [36m<div[39m
          [33mclass[39m=[32m"p-6 pt-0"[39m
        [36m>[39m
          [36m<div[39m
            [33mdata-testid[39m=[32m"sync-queue-viewer"[39m
          [36m>[39m
            [0mSyncQueueViewer[0m
          [36m</div>[39m
        [36m</div>[39m
      [36m</div>[39m
    [36m</div>[39m
  [36m</div>[39m
[36m</body>[39m
[90m [2m‚ùØ[22m Object.getElementError node_modules/@testing-library/dom/dist/config.js:[2m37:19[22m[39m
[90m [2m‚ùØ[22m node_modules/@testing-library/dom/dist/query-helpers.js:[2m76:38[22m[39m
[90m [2m‚ùØ[22m node_modules/@testing-library/dom/dist/query-helpers.js:[2m52:17[22m[39m
[90m [2m‚ùØ[22m node_modules/@testing-library/dom/dist/query-helpers.js:[2m95:19[22m[39m
[36m [2m‚ùØ[22m src/renderer/components/demo/ConnectivityDemo.test.jsx:[2m31:19[22m[39m
    [90m 29| [39m  [34mit[39m([32m'renders correctly'[39m[33m,[39m () [33m=>[39m {
    [90m 30| [39m    [34mrender[39m([33m<[39m[33mConnectivityDemo[39m [33m/[39m[33m>[39m)[33m;[39m
    [90m 31| [39m    [34mexpect[39m(screen[33m.[39m[34mgetByText[39m([32m'Connection Status'[39m))[33m.[39m[34mtoBeInTheDocument[39m()[33m;[39m
    [90m   | [39m                  [31m^[39m
    [90m 32| [39m    expect(screen.getByTestId('sync-queue-viewer')).toBeInTheDocument(‚Ä¶
    [90m 33| [39m  })[33m;[39m

[31m[2m‚éØ‚éØ‚éØ‚éØ‚éØ‚éØ‚éØ‚éØ‚éØ‚éØ‚éØ‚éØ‚éØ‚éØ‚éØ‚éØ‚éØ‚éØ‚éØ‚éØ‚éØ‚éØ‚éØ[9/23]‚éØ[22m[39m

[41m[1m FAIL [22m[49m src/renderer/components/demo/ConnectivityDemo.test.jsx[2m > [22mConnectivityDemo[2m > [22mtoggles manual offline mode
[31m[1mTestingLibraryElementError[22m[39m: Unable to find an element with the text: Simulate Offline Mode. This could be because the text is broken up by multiple elements. In this case, you can provide a function for your text matcher to make your matcher more flexible.

Ignored nodes: comments, script, style
[36m<body>[39m
  [36m<div>[39m
    [36m<div[39m
      [33mclass[39m=[32m"space-y-4"[39m
    [36m>[39m
      [36m<div[39m
        [33mclass[39m=[32m"rounded-lg border border-border bg-card text-card-foreground shadow-sm"[39m
      [36m>[39m
        [36m<div[39m
          [33mclass[39m=[32m"flex flex-col space-y-1.5 p-6"[39m
        [36m>[39m
          [36m<h3[39m
            [33mclass[39m=[32m"text-2xl font-semibold leading-none tracking-tight"[39m
          [36m>[39m
            [0mdemo.status_title[0m
          [36m</h3>[39m
          [36m<p[39m
            [33mclass[39m=[32m"text-sm text-muted-foreground"[39m
          [36m>[39m
            [0mdemo.status_desc[0m
          [36m</p>[39m
        [36m</div>[39m
        [36m<div[39m
          [33mclass[39m=[32m"p-6 pt-0 space-y-4"[39m
        [36m>[39m
          [36m<div[39m
            [33mclass[39m=[32m"flex items-center gap-4"[39m
          [36m>[39m
            [36m<div[39m
              [33mclass[39m=[32m"w-4 h-4 rounded-full bg-green-500"[39m
            [36m/>[39m
            [36m<div>[39m
              [36m<div[39m
                [33mclass[39m=[32m"font-semibold"[39m
              [36m>[39m
                [0mdemo.online[0m
              [36m</div>[39m
              [36m<div[39m
                [33mclass[39m=[32m"text-sm text-muted-foreground"[39m
              [36m>[39m
                [0mdemo.connected[0m
              [36m</div>[39m
            [36m</div>[39m
          [36m</div>[39m
          [36m<button[39m
            [33mclass[39m=[32m"inline-flex items-center justify-center whitespace-nowrap rounded-md text-sm font-medium ring-offset-background transition-colors focus-visible:outline-none focus-visible:ring-2 focus-visible:ring-ring focus-visible:ring-offset-2 disabled:pointer-events-none disabled:opacity-50 border border-input bg-background hover:bg-accent hover:text-accent-foreground h-10 px-4 py-2"[39m
          [36m>[39m
            [0mdemo.sim_offline[0m
          [36m</button>[39m
        [36m</div>[39m
      [36m</div>[39m
      [36m<div[39m
        [33mclass[39m=[32m"rounded-lg border border-border bg-card text-card-foreground shadow-sm"[39m
      [36m>[39m
        [36m<div[39m
          [33mclass[39m=[32m"flex flex-col space-y-1.5 p-6"[39m
        [36m>[39m
          [36m<h3[39m
            [33mclass[39m=[32m"text-2xl font-semibold leading-none tracking-tight"[39m
          [36m>[39m
            [0mdemo.stats_title[0m
          [36m</h3>[39m
          [36m<p[39m
            [33mclass[39m=[32m"text-sm text-muted-foreground"[39m
          [36m>[39m
            [0mdemo.stats_desc[0m
          [36m</p>[39m
        [36m</div>[39m
        [36m<div[39m
          [33mclass[39m=[32m"p-6 pt-0 space-y-4"[39m
        [36m>[39m
          [36m<div[39m
            [33mclass[39m=[32m"grid grid-cols-3 gap-4"[39m
          [36m>[39m
            [36m<div[39m
              [33mclass[39m=[32m"text-center p-4 border border-border rounded"[39m
            [36m>[39m
              [36m<div[39m
                [33mclass[39m=[32m"text-2xl font-bold"[39m
              [36m>[39m
                [0m0[0m
              [36m</div>[39m
              [36m<div[39m
                [33mclass[39m=[32m"text-sm text-muted-foreground"[39m
              [36m>[39m
                [0mdemo.pending[0m
              [36m</div>[39m
            [36m</div>[39m
            [36m<div[39m
              [33mclass[39m=[32m"text-center p-4 border border-border rounded"[39m
            [36m>[39m
              [36m<div[39m
                [33mclass[39m=[32m"text-2xl font-bold text-green-600"[39m
              [36m>[39m
                [0m0[0m
              [36m</div>[39m
              [36m<div[39m
                [33mclass[39m=[32m"text-sm text-muted-foreground"[39m
              [36m>[39m
                [0mdemo.completed[0m
              [36m</div>[39m
            [36m</div>[39m
            [36m<div[39m
              [33mclass[39m=[32m"text-center p-4 border border-border rounded"[39m
            [36m>[39m
              [36m<div[39m
                [33mclass[39m=[32m"text-2xl font-bold text-red-600"[39m
              [36m>[39m
                [0m0[0m
              [36m</div>[39m
              [36m<div[39m
                [33mclass[39m=[32m"text-sm text-muted-foreground"[39m
              [36m>[39m
                [0mdemo.failed[0m
              [36m</div>[39m
            [36m</div>[39m
          [36m</div>[39m
          [36m<div[39m
            [33mclass[39m=[32m"flex gap-2"[39m
          [36m>[39m
            [36m<button[39m
              [33mclass[39m=[32m"inline-flex items-center justify-center whitespace-nowrap rounded-md text-sm font-medium ring-offset-background transition-colors focus-visible:outline-none focus-visible:ring-2 focus-visible:ring-ring focus-visible:ring-offset-2 disabled:pointer-events-none disabled:opacity-50 bg-primary text-primary-foreground hover:bg-primary/90 active:bg-primary/80 h-10 px-4 py-2 cursor-not-allowed"[39m
              [33mdisabled[39m=[32m""[39m
            [36m>[39m
              [0mdemo.trigger_sync[0m
            [36m</button>[39m
            [36m<button[39m
              [33mclass[39m=[32m"inline-flex items-center justify-center whitespace-nowrap rounded-md text-sm font-medium ring-offset-background transition-colors focus-visible:outline-none focus-visible:ring-2 focus-visible:ring-ring focus-visible:ring-offset-2 disabled:pointer-events-none disabled:opacity-50 border border-input bg-background hover:bg-accent hover:text-accent-foreground h-10 px-4 py-2 cursor-not-allowed"[39m
              [33mdisabled[39m=[32m""[39m
            [36m>[39m
              [0mdemo.clear_queue[0m
            [36m</button>[39m
          [36m</div>[39m
        [36m</div>[39m
      [36m</div>[39m
      [36m<div[39m
        [33mclass[39m=[32m"rounded-lg border border-border bg-card text-card-foreground shadow-sm"[39m
      [36m>[39m
        [36m<div[39m
          [33mclass[39m=[32m"flex flex-col space-y-1.5 p-6"[39m
        [36m>[39m
          [36m<h3[39m
            [33mclass[39m=[32m"text-2xl font-semibold leading-none tracking-tight"[39m
          [36m>[39m
            [0mdemo.queue_title[0m
          [36m</h3>[39m
          [36m<p[39m
            [33mclass[39m=[32m"text-sm text-muted-foreground"[39m
          [36m>[39m
            [0mdemo.queue_desc[0m
          [36m</p>[39m
        [36m</div>[39m
        [36m<div[39m
          [33mclass[39m=[32m"p-6 pt-0"[39m
        [36m>[39m
          [36m<div[39m
            [33mdata-testid[39m=[32m"sync-queue-viewer"[39m
          [36m>[39m
            [0mSyncQueueViewer[0m
          [36m</div>[39m
        [36m</div>[39m
      [36m</div>[39m
    [36m</div>[39m
  [36m</div>[39m
[36m</body>[39m
[90m [2m‚ùØ[22m Object.getElementError node_modules/@testing-library/dom/dist/config.js:[2m37:19[22m[39m
[90m [2m‚ùØ[22m node_modules/@testing-library/dom/dist/query-helpers.js:[2m76:38[22m[39m
[90m [2m‚ùØ[22m node_modules/@testing-library/dom/dist/query-helpers.js:[2m52:17[22m[39m
[90m [2m‚ùØ[22m node_modules/@testing-library/dom/dist/query-helpers.js:[2m95:19[22m[39m
[36m [2m‚ùØ[22m src/renderer/components/demo/ConnectivityDemo.test.jsx:[2m40:30[22m[39m
    [90m 38| [39m    // Initially should be online (or whatever navigator.onLine is, as‚Ä¶
    [90m 39| [39m    [90m// But testing the button toggle text change[39m
    [90m 40| [39m    [35mconst[39m toggleBtn [33m=[39m screen[33m.[39m[34mgetByText[39m([32m'Simulate Offline Mode'[39m)[33m;[39m
    [90m   | [39m                             [31m^[39m
    [90m 41| [39m    fireEvent[33m.[39m[34mclick[39m(toggleBtn)[33m;[39m
    [90m 42| [39m

[31m[2m‚éØ‚éØ‚éØ‚éØ‚éØ‚éØ‚éØ‚éØ‚éØ‚éØ‚éØ‚éØ‚éØ‚éØ‚éØ‚éØ‚éØ‚éØ‚éØ‚éØ‚éØ‚éØ[10/23]‚éØ[22m[39m

[41m[1m FAIL [22m[49m src/renderer/components/demo/ConnectivityDemo.test.jsx[2m > [22mConnectivityDemo[2m > [22mhandles trigger sync
[31m[1mTestingLibraryElementError[22m[39m: Unable to find an element with the text: Trigger Sync. This could be because the text is broken up by multiple elements. In this case, you can provide a function for your text matcher to make your matcher more flexible.

Ignored nodes: comments, script, style
[36m<body>[39m
  [36m<div>[39m
    [36m<div[39m
      [33mclass[39m=[32m"space-y-4"[39m
    [36m>[39m
      [36m<div[39m
        [33mclass[39m=[32m"rounded-lg border border-border bg-card text-card-foreground shadow-sm"[39m
      [36m>[39m
        [36m<div[39m
          [33mclass[39m=[32m"flex flex-col space-y-1.5 p-6"[39m
        [36m>[39m
          [36m<h3[39m
            [33mclass[39m=[32m"text-2xl font-semibold leading-none tracking-tight"[39m
          [36m>[39m
            [0mdemo.status_title[0m
          [36m</h3>[39m
          [36m<p[39m
            [33mclass[39m=[32m"text-sm text-muted-foreground"[39m
          [36m>[39m
            [0mdemo.status_desc[0m
          [36m</p>[39m
        [36m</div>[39m
        [36m<div[39m
          [33mclass[39m=[32m"p-6 pt-0 space-y-4"[39m
        [36m>[39m
          [36m<div[39m
            [33mclass[39m=[32m"flex items-center gap-4"[39m
          [36m>[39m
            [36m<div[39m
              [33mclass[39m=[32m"w-4 h-4 rounded-full bg-green-500"[39m
            [36m/>[39m
            [36m<div>[39m
              [36m<div[39m
                [33mclass[39m=[32m"font-semibold"[39m
              [36m>[39m
                [0mdemo.online[0m
              [36m</div>[39m
              [36m<div[39m
                [33mclass[39m=[32m"text-sm text-muted-foreground"[39m
              [36m>[39m
                [0mdemo.connected[0m
              [36m</div>[39m
            [36m</div>[39m
          [36m</div>[39m
          [36m<button[39m
            [33mclass[39m=[32m"inline-flex items-center justify-center whitespace-nowrap rounded-md text-sm font-medium ring-offset-background transition-colors focus-visible:outline-none focus-visible:ring-2 focus-visible:ring-ring focus-visible:ring-offset-2 disabled:pointer-events-none disabled:opacity-50 border border-input bg-background hover:bg-accent hover:text-accent-foreground h-10 px-4 py-2"[39m
          [36m>[39m
            [0mdemo.sim_offline[0m
          [36m</button>[39m
        [36m</div>[39m
      [36m</div>[39m
      [36m<div[39m
        [33mclass[39m=[32m"rounded-lg border border-border bg-card text-card-foreground shadow-sm"[39m
      [36m>[39m
        [36m<div[39m
          [33mclass[39m=[32m"flex flex-col space-y-1.5 p-6"[39m
        [36m>[39m
          [36m<h3[39m
            [33mclass[39m=[32m"text-2xl font-semibold leading-none tracking-tight"[39m
          [36m>[39m
            [0mdemo.stats_title[0m
          [36m</h3>[39m
          [36m<p[39m
            [33mclass[39m=[32m"text-sm text-muted-foreground"[39m
          [36m>[39m
            [0mdemo.stats_desc[0m
          [36m</p>[39m
        [36m</div>[39m
        [36m<div[39m
          [33mclass[39m=[32m"p-6 pt-0 space-y-4"[39m
        [36m>[39m
          [36m<div[39m
            [33mclass[39m=[32m"grid grid-cols-3 gap-4"[39m
          [36m>[39m
            [36m<div[39m
              [33mclass[39m=[32m"text-center p-4 border border-border rounded"[39m
            [36m>[39m
              [36m<div[39m
                [33mclass[39m=[32m"text-2xl font-bold"[39m
              [36m>[39m
                [0m0[0m
              [36m</div>[39m
              [36m<div[39m
                [33mclass[39m=[32m"text-sm text-muted-foreground"[39m
              [36m>[39m
                [0mdemo.pending[0m
              [36m</div>[39m
            [36m</div>[39m
            [36m<div[39m
              [33mclass[39m=[32m"text-center p-4 border border-border rounded"[39m
            [36m>[39m
              [36m<div[39m
                [33mclass[39m=[32m"text-2xl font-bold text-green-600"[39m
              [36m>[39m
                [0m0[0m
              [36m</div>[39m
              [36m<div[39m
                [33mclass[39m=[32m"text-sm text-muted-foreground"[39m
              [36m>[39m
                [0mdemo.completed[0m
              [36m</div>[39m
            [36m</div>[39m
            [36m<div[39m
              [33mclass[39m=[32m"text-center p-4 border border-border rounded"[39m
            [36m>[39m
              [36m<div[39m
                [33mclass[39m=[32m"text-2xl font-bold text-red-600"[39m
              [36m>[39m
                [0m0[0m
              [36m</div>[39m
              [36m<div[39m
                [33mclass[39m=[32m"text-sm text-muted-foreground"[39m
              [36m>[39m
                [0mdemo.failed[0m
              [36m</div>[39m
            [36m</div>[39m
          [36m</div>[39m
          [36m<div[39m
            [33mclass[39m=[32m"flex gap-2"[39m
          [36m>[39m
            [36m<button[39m
              [33mclass[39m=[32m"inline-flex items-center justify-center whitespace-nowrap rounded-md text-sm font-medium ring-offset-background transition-colors focus-visible:outline-none focus-visible:ring-2 focus-visible:ring-ring focus-visible:ring-offset-2 disabled:pointer-events-none disabled:opacity-50 bg-primary text-primary-foreground hover:bg-primary/90 active:bg-primary/80 h-10 px-4 py-2 cursor-not-allowed"[39m
              [33mdisabled[39m=[32m""[39m
            [36m>[39m
              [0mdemo.trigger_sync[0m
            [36m</button>[39m
            [36m<button[39m
              [33mclass[39m=[32m"inline-flex items-center justify-center whitespace-nowrap rounded-md text-sm font-medium ring-offset-background transition-colors focus-visible:outline-none focus-visible:ring-2 focus-visible:ring-ring focus-visible:ring-offset-2 disabled:pointer-events-none disabled:opacity-50 border border-input bg-background hover:bg-accent hover:text-accent-foreground h-10 px-4 py-2 cursor-not-allowed"[39m
              [33mdisabled[39m=[32m""[39m
            [36m>[39m
              [0mdemo.clear_queue[0m
            [36m</button>[39m
          [36m</div>[39m
        [36m</div>[39m
      [36m</div>[39m
      [36m<div[39m
        [33mclass[39m=[32m"rounded-lg border border-border bg-card text-card-foreground shadow-sm"[39m
      [36m>[39m
        [36m<div[39m
          [33mclass[39m=[32m"flex flex-col space-y-1.5 p-6"[39m
        [36m>[39m
          [36m<h3[39m
            [33mclass[39m=[32m"text-2xl font-semibold leading-none tracking-tight"[39m
          [36m>[39m
            [0mdemo.queue_title[0m
          [36m</h3>[39m
          [36m<p[39m
            [33mclass[39m=[32m"text-sm text-muted-foreground"[39m
          [36m>[39m
            [0mdemo.queue_desc[0m
          [36m</p>[39m
        [36m</div>[39m
        [36m<div[39m
          [33mclass[39m=[32m"p-6 pt-0"[39m
        [36m>[39m
          [36m<div[39m
            [33mdata-testid[39m=[32m"sync-queue-viewer"[39m
          [36m>[39m
            [0mSyncQueueViewer[0m
          [36m</div>[39m
        [36m</div>[39m
      [36m</div>[39m
    [36m</div>[39m
  [36m</div>[39m
[36m</body>[39m
[90m [2m‚ùØ[22m Object.getElementError node_modules/@testing-library/dom/dist/config.js:[2m37:19[22m[39m
[90m [2m‚ùØ[22m node_modules/@testing-library/dom/dist/query-helpers.js:[2m76:38[22m[39m
[90m [2m‚ùØ[22m node_modules/@testing-library/dom/dist/query-helpers.js:[2m52:17[22m[39m
[90m [2m‚ùØ[22m node_modules/@testing-library/dom/dist/query-helpers.js:[2m95:19[22m[39m
[36m [2m‚ùØ[22m src/renderer/components/demo/ConnectivityDemo.test.jsx:[2m50:28[22m[39m
    [90m 48| [39m    [34mrender[39m([33m<[39m[33mConnectivityDemo[39m [33m/[39m[33m>[39m)[33m;[39m
    [90m 49| [39m
    [90m 50| [39m    [35mconst[39m syncBtn [33m=[39m screen[33m.[39m[34mgetByText[39m([32m'Trigger Sync'[39m)[33m;[39m
    [90m   | [39m                           [31m^[39m
    [90m 51| [39m    [90m// It might be disabled if effectiveOnline is false or pending is 0[39m
    [90m 52| [39m    [90m// We need to mock state where it is enabled?[39m

[31m[2m‚éØ‚éØ‚éØ‚éØ‚éØ‚éØ‚éØ‚éØ‚éØ‚éØ‚éØ‚éØ‚éØ‚éØ‚éØ‚éØ‚éØ‚éØ‚éØ‚éØ‚éØ‚éØ[11/23]‚éØ[22m[39m

[41m[1m FAIL [22m[49m src/renderer/components/demo/ConnectivityDemo.test.jsx[2m > [22mConnectivityDemo[2m > [22mcalls clear queue
[31m[1mTestingLibraryElementError[22m[39m: Unable to find an element with the text: Clear Queue. This could be because the text is broken up by multiple elements. In this case, you can provide a function for your text matcher to make your matcher more flexible.

Ignored nodes: comments, script, style
[36m<body>[39m
  [36m<div>[39m
    [36m<div[39m
      [33mclass[39m=[32m"space-y-4"[39m
    [36m>[39m
      [36m<div[39m
        [33mclass[39m=[32m"rounded-lg border border-border bg-card text-card-foreground shadow-sm"[39m
      [36m>[39m
        [36m<div[39m
          [33mclass[39m=[32m"flex flex-col space-y-1.5 p-6"[39m
        [36m>[39m
          [36m<h3[39m
            [33mclass[39m=[32m"text-2xl font-semibold leading-none tracking-tight"[39m
          [36m>[39m
            [0mdemo.status_title[0m
          [36m</h3>[39m
          [36m<p[39m
            [33mclass[39m=[32m"text-sm text-muted-foreground"[39m
          [36m>[39m
            [0mdemo.status_desc[0m
          [36m</p>[39m
        [36m</div>[39m
        [36m<div[39m
          [33mclass[39m=[32m"p-6 pt-0 space-y-4"[39m
        [36m>[39m
          [36m<div[39m
            [33mclass[39m=[32m"flex items-center gap-4"[39m
          [36m>[39m
            [36m<div[39m
              [33mclass[39m=[32m"w-4 h-4 rounded-full bg-green-500"[39m
            [36m/>[39m
            [36m<div>[39m
              [36m<div[39m
                [33mclass[39m=[32m"font-semibold"[39m
              [36m>[39m
                [0mdemo.online[0m
              [36m</div>[39m
              [36m<div[39m
                [33mclass[39m=[32m"text-sm text-muted-foreground"[39m
              [36m>[39m
                [0mdemo.connected[0m
              [36m</div>[39m
            [36m</div>[39m
          [36m</div>[39m
          [36m<button[39m
            [33mclass[39m=[32m"inline-flex items-center justify-center whitespace-nowrap rounded-md text-sm font-medium ring-offset-background transition-colors focus-visible:outline-none focus-visible:ring-2 focus-visible:ring-ring focus-visible:ring-offset-2 disabled:pointer-events-none disabled:opacity-50 border border-input bg-background hover:bg-accent hover:text-accent-foreground h-10 px-4 py-2"[39m
          [36m>[39m
            [0mdemo.sim_offline[0m
          [36m</button>[39m
        [36m</div>[39m
      [36m</div>[39m
      [36m<div[39m
        [33mclass[39m=[32m"rounded-lg border border-border bg-card text-card-foreground shadow-sm"[39m
      [36m>[39m
        [36m<div[39m
          [33mclass[39m=[32m"flex flex-col space-y-1.5 p-6"[39m
        [36m>[39m
          [36m<h3[39m
            [33mclass[39m=[32m"text-2xl font-semibold leading-none tracking-tight"[39m
          [36m>[39m
            [0mdemo.stats_title[0m
          [36m</h3>[39m
          [36m<p[39m
            [33mclass[39m=[32m"text-sm text-muted-foreground"[39m
          [36m>[39m
            [0mdemo.stats_desc[0m
          [36m</p>[39m
        [36m</div>[39m
        [36m<div[39m
          [33mclass[39m=[32m"p-6 pt-0 space-y-4"[39m
        [36m>[39m
          [36m<div[39m
            [33mclass[39m=[32m"grid grid-cols-3 gap-4"[39m
          [36m>[39m
            [36m<div[39m
              [33mclass[39m=[32m"text-center p-4 border border-border rounded"[39m
            [36m>[39m
              [36m<div[39m
                [33mclass[39m=[32m"text-2xl font-bold"[39m
              [36m>[39m
                [0m0[0m
              [36m</div>[39m
              [36m<div[39m
                [33mclass[39m=[32m"text-sm text-muted-foreground"[39m
              [36m>[39m
                [0mdemo.pending[0m
              [36m</div>[39m
            [36m</div>[39m
            [36m<div[39m
              [33mclass[39m=[32m"text-center p-4 border border-border rounded"[39m
            [36m>[39m
              [36m<div[39m
                [33mclass[39m=[32m"text-2xl font-bold text-green-600"[39m
              [36m>[39m
                [0m0[0m
              [36m</div>[39m
              [36m<div[39m
                [33mclass[39m=[32m"text-sm text-muted-foreground"[39m
              [36m>[39m
                [0mdemo.completed[0m
              [36m</div>[39m
            [36m</div>[39m
            [36m<div[39m
              [33mclass[39m=[32m"text-center p-4 border border-border rounded"[39m
            [36m>[39m
              [36m<div[39m
                [33mclass[39m=[32m"text-2xl font-bold text-red-600"[39m
              [36m>[39m
                [0m0[0m
              [36m</div>[39m
              [36m<div[39m
                [33mclass[39m=[32m"text-sm text-muted-foreground"[39m
              [36m>[39m
                [0mdemo.failed[0m
              [36m</div>[39m
            [36m</div>[39m
          [36m</div>[39m
          [36m<div[39m
            [33mclass[39m=[32m"flex gap-2"[39m
          [36m>[39m
            [36m<button[39m
              [33mclass[39m=[32m"inline-flex items-center justify-center whitespace-nowrap rounded-md text-sm font-medium ring-offset-background transition-colors focus-visible:outline-none focus-visible:ring-2 focus-visible:ring-ring focus-visible:ring-offset-2 disabled:pointer-events-none disabled:opacity-50 bg-primary text-primary-foreground hover:bg-primary/90 active:bg-primary/80 h-10 px-4 py-2 cursor-not-allowed"[39m
              [33mdisabled[39m=[32m""[39m
            [36m>[39m
              [0mdemo.trigger_sync[0m
            [36m</button>[39m
            [36m<button[39m
              [33mclass[39m=[32m"inline-flex items-center justify-center whitespace-nowrap rounded-md text-sm font-medium ring-offset-background transition-colors focus-visible:outline-none focus-visible:ring-2 focus-visible:ring-ring focus-visible:ring-offset-2 disabled:pointer-events-none disabled:opacity-50 border border-input bg-background hover:bg-accent hover:text-accent-foreground h-10 px-4 py-2 cursor-not-allowed"[39m
              [33mdisabled[39m=[32m""[39m
            [36m>[39m
              [0mdemo.clear_queue[0m
            [36m</button>[39m
          [36m</div>[39m
        [36m</div>[39m
      [36m</div>[39m
      [36m<div[39m
        [33mclass[39m=[32m"rounded-lg border border-border bg-card text-card-foreground shadow-sm"[39m
      [36m>[39m
        [36m<div[39m
          [33mclass[39m=[32m"flex flex-col space-y-1.5 p-6"[39m
        [36m>[39m
          [36m<h3[39m
            [33mclass[39m=[32m"text-2xl font-semibold leading-none tracking-tight"[39m
          [36m>[39m
            [0mdemo.queue_title[0m
          [36m</h3>[39m
          [36m<p[39m
            [33mclass[39m=[32m"text-sm text-muted-foreground"[39m
          [36m>[39m
            [0mdemo.queue_desc[0m
          [36m</p>[39m
        [36m</div>[39m
        [36m<div[39m
          [33mclass[39m=[32m"p-6 pt-0"[39m
        [36m>[39m
          [36m<div[39m
            [33mdata-testid[39m=[32m"sync-queue-viewer"[39m
          [36m>[39m
            [0mSyncQueueViewer[0m
          [36m</div>[39m
        [36m</div>[39m
      [36m</div>[39m
    [36m</div>[39m
  [36m</div>[39m
[36m</body>[39m
[90m [2m‚ùØ[22m Object.getElementError node_modules/@testing-library/dom/dist/config.js:[2m37:19[22m[39m
[90m [2m‚ùØ[22m node_modules/@testing-library/dom/dist/query-helpers.js:[2m76:38[22m[39m
[90m [2m‚ùØ[22m node_modules/@testing-library/dom/dist/query-helpers.js:[2m52:17[22m[39m
[90m [2m‚ùØ[22m node_modules/@testing-library/dom/dist/query-helpers.js:[2m95:19[22m[39m
[36m [2m‚ùØ[22m src/renderer/components/demo/ConnectivityDemo.test.jsx:[2m83:29[22m[39m
    [90m 81| [39m
    [90m 82| [39m    [90m// Alternative: verify button existence[39m
    [90m 83| [39m    [35mconst[39m clearBtn [33m=[39m screen[33m.[39m[34mgetByText[39m([32m'Clear Queue'[39m)[33m;[39m
    [90m   | [39m                            [31m^[39m
    [90m 84| [39m    [34mexpect[39m(clearBtn)[33m.[39m[34mtoBeInTheDocument[39m()[33m;[39m
    [90m 85| [39m

[31m[2m‚éØ‚éØ‚éØ‚éØ‚éØ‚éØ‚éØ‚éØ‚éØ‚éØ‚éØ‚éØ‚éØ‚éØ‚éØ‚éØ‚éØ‚éØ‚éØ‚éØ‚éØ‚éØ[12/23]‚éØ[22m[39m

[41m[1m FAIL [22m[49m test/unit/renderer/components/CommandPalette.test.jsx[2m > [22mCommandPalette[2m > [22mshould close on backdrop click
[31m[1mAssertionError[22m: expected "vi.fn()" to be called with arguments: [ false ][90m

Number of calls: [1m0[22m
[31m[39m
[36m [2m‚ùØ[22m test/unit/renderer/components/CommandPalette.test.jsx:[2m105:27[22m[39m
    [90m103| [39m    fireEvent[33m.[39m[34mclick[39m(backdrop)[33m;[39m
    [90m104| [39m
    [90m105| [39m    [34mexpect[39m(mockSetIsOpen)[33m.[39m[34mtoHaveBeenCalledWith[39m([35mfalse[39m)[33m;[39m
    [90m   | [39m                          [31m^[39m
    [90m106| [39m  })[33m;[39m
    [90m107| [39m})[33m;[39m

[31m[2m‚éØ‚éØ‚éØ‚éØ‚éØ‚éØ‚éØ‚éØ‚éØ‚éØ‚éØ‚éØ‚éØ‚éØ‚éØ‚éØ‚éØ‚éØ‚éØ‚éØ‚éØ‚éØ[13/23]‚éØ[22m[39m

[41m[1m FAIL [22m[49m test/unit/renderer/components/UpdateNotification.test.jsx[2m > [22mUpdateNotification Component[2m > [22mavailable status[2m > [22mshould display update available message
[31m[1mTestingLibraryElementError[22m: Unable to find an element with the text: Update Available. This could be because the text is broken up by multiple elements. In this case, you can provide a function for your text matcher to make your matcher more flexible.

Ignored nodes: comments, script, style
[36m<body>[31m
  [36m<div>[31m
    [36m<div[31m
      [33mclass[31m=[32m"fixed top-4 right-4 z-50 w-96 max-w-[calc(100vw-2rem)] animate-in slide-in-from-top-2"[31m
    [36m>[31m
      [36m<div[31m
        [33mclass[31m=[32m"relative w-full rounded-lg border p-4 [&>svg~*]:pl-7 [&>svg+div]:translate-y-[-3px] [&>svg]:absolute [&>svg]:left-4 [&>svg]:top-4 border-blue-200 bg-blue-50 text-blue-900 [&>svg]:text-blue-600"[31m
        [33mrole[31m=[32m"alert"[31m
      [36m>[31m
        [36m<h5[31m
          [33mclass[31m=[32m"mb-1 font-medium leading-none tracking-tight"[31m
        [36m>[31m
          [0mupdate.available.title[0m
        [36m</h5>[31m
        [36m<div[31m
          [33mclass[31m=[32m"text-sm [&_p]:leading-relaxed"[31m
        [36m>[31m
          [36m<p[31m
            [33mclass[31m=[32m"mb-3"[31m
          [36m>[31m
            [0mupdate.available.message[0m
          [36m</p>[31m
          [36m<details[31m
            [33mclass[31m=[32m"mb-3 text-xs"[31m
          [36m>[31m
            [36m<summary[31m
              [33mclass[31m=[32m"cursor-pointer hover:underline"[31m
            [36m>[31m
              [0mupdate.available.release_notes[0m
            [36m</summary>[31m
            [36m<div[31m
              [33mclass[31m=[32m"mt-2 whitespace-pre-wrap"[31m
            [36m>[31m
              [0mBug fixes and improvements[0m
            [36m</div>[31m
          [36m</details>[31m
          [36m<div[31m
            [33mclass[31m=[32m"flex gap-2"[31m
          [36m>[31m
            [36m<button[31m
              [33mclass[31m=[32m"inline-flex items-center justify-center whitespace-nowrap rounded-md font-medium ring-offset-background transition-colors focus-visible:outline-none focus-visible:ring-2 focus-visible:ring-ring focus-visible:ring-offset-2 disabled:pointer-events-none disabled:opacity-50 bg-primary text-primary-foreground hover:bg-primary/90 active:bg-primary/80 h-8 px-3 text-xs"[31m
            [36m>[31m
              [0mupdate.download_btn[0m
            [36m</button>[31m
            [36m<button[31m
              [33mclass[31m=[32m"inline-flex items-center justify-center whitespace-nowrap rounded-md font-medium ring-offset-background transition-colors focus-visible:outline-none focus-visible:ring-2 focus-visible:ring-ring focus-visible:ring-offset-2 disabled:pointer-events-none disabled:opacity-50 border border-input bg-background hover:bg-accent hover:text-accent-foreground h-8 px-3 text-xs"[31m
            [36m>[31m
              [0mupdate.later[0m
            [36m</button>[31m
          [36m</div>[31m
        [36m</div>[31m
      [36m</div>[31m
    [36m</div>[31m
  [36m</div>[31m
[36m</body>[31m[39m
[90m [2m‚ùØ[22m Object.getElementError node_modules/@testing-library/dom/dist/config.js:[2m37:19[22m[39m
[90m [2m‚ùØ[22m node_modules/@testing-library/dom/dist/query-helpers.js:[2m76:38[22m[39m
[90m [2m‚ùØ[22m node_modules/@testing-library/dom/dist/query-helpers.js:[2m52:17[22m[39m
[90m [2m‚ùØ[22m node_modules/@testing-library/dom/dist/query-helpers.js:[2m95:19[22m[39m
[36m [2m‚ùØ[22m test/unit/renderer/components/UpdateNotification.test.jsx:[2m56:21[22m[39m
    [90m 54| [39m      )[33m;[39m
    [90m 55| [39m
    [90m 56| [39m      [34mexpect[39m(screen[33m.[39m[34mgetByText[39m([32m'Update Available'[39m))[33m.[39m[34mtoBeInTheDocument[39m()[33m;[39m
    [90m   | [39m                    [31m^[39m
    [90m 57| [39m      expect(screen.getByText(/Version 2.0.0 is available/i)).toBeInTh‚Ä¶
    [90m 58| [39m    })[33m;[39m

[31m[2m‚éØ‚éØ‚éØ‚éØ‚éØ‚éØ‚éØ‚éØ‚éØ‚éØ‚éØ‚éØ‚éØ‚éØ‚éØ‚éØ‚éØ‚éØ‚éØ‚éØ‚éØ‚éØ[14/23]‚éØ[22m[39m

[41m[1m FAIL [22m[49m test/unit/renderer/components/UpdateNotification.test.jsx[2m > [22mUpdateNotification Component[2m > [22mavailable status[2m > [22mshould display release notes when provided
[31m[1mTestingLibraryElementError[22m: Unable to find an element with the text: What's new?. This could be because the text is broken up by multiple elements. In this case, you can provide a function for your text matcher to make your matcher more flexible.

Ignored nodes: comments, script, style
[36m<body>[31m
  [36m<div>[31m
    [36m<div[31m
      [33mclass[31m=[32m"fixed top-4 right-4 z-50 w-96 max-w-[calc(100vw-2rem)] animate-in slide-in-from-top-2"[31m
    [36m>[31m
      [36m<div[31m
        [33mclass[31m=[32m"relative w-full rounded-lg border p-4 [&>svg~*]:pl-7 [&>svg+div]:translate-y-[-3px] [&>svg]:absolute [&>svg]:left-4 [&>svg]:top-4 border-blue-200 bg-blue-50 text-blue-900 [&>svg]:text-blue-600"[31m
        [33mrole[31m=[32m"alert"[31m
      [36m>[31m
        [36m<h5[31m
          [33mclass[31m=[32m"mb-1 font-medium leading-none tracking-tight"[31m
        [36m>[31m
          [0mupdate.available.title[0m
        [36m</h5>[31m
        [36m<div[31m
          [33mclass[31m=[32m"text-sm [&_p]:leading-relaxed"[31m
        [36m>[31m
          [36m<p[31m
            [33mclass[31m=[32m"mb-3"[31m
          [36m>[31m
            [0mupdate.available.message[0m
          [36m</p>[31m
          [36m<details[31m
            [33mclass[31m=[32m"mb-3 text-xs"[31m
          [36m>[31m
            [36m<summary[31m
              [33mclass[31m=[32m"cursor-pointer hover:underline"[31m
            [36m>[31m
              [0mupdate.available.release_notes[0m
            [36m</summary>[31m
            [36m<div[31m
              [33mclass[31m=[32m"mt-2 whitespace-pre-wrap"[31m
            [36m>[31m
              [0mBug fixes and improvements[0m
            [36m</div>[31m
          [36m</details>[31m
          [36m<div[31m
            [33mclass[31m=[32m"flex gap-2"[31m
          [36m>[31m
            [36m<button[31m
              [33mclass[31m=[32m"inline-flex items-center justify-center whitespace-nowrap rounded-md font-medium ring-offset-background transition-colors focus-visible:outline-none focus-visible:ring-2 focus-visible:ring-ring focus-visible:ring-offset-2 disabled:pointer-events-none disabled:opacity-50 bg-primary text-primary-foreground hover:bg-primary/90 active:bg-primary/80 h-8 px-3 text-xs"[31m
            [36m>[31m
              [0mupdate.download_btn[0m
            [36m</button>[31m
            [36m<button[31m
              [33mclass[31m=[32m"inline-flex items-center justify-center whitespace-nowrap rounded-md font-medium ring-offset-background transition-colors focus-visible:outline-none focus-visible:ring-2 focus-visible:ring-ring focus-visible:ring-offset-2 disabled:pointer-events-none disabled:opacity-50 border border-input bg-background hover:bg-accent hover:text-accent-foreground h-8 px-3 text-xs"[31m
            [36m>[31m
              [0mupdate.later[0m
            [36m</button>[31m
          [36m</div>[31m
        [36m</div>[31m
      [36m</div>[31m
    [36m</div>[31m
  [36m</div>[31m
[36m</body>[31m[39m
[90m [2m‚ùØ[22m Object.getElementError node_modules/@testing-library/dom/dist/config.js:[2m37:19[22m[39m
[90m [2m‚ùØ[22m node_modules/@testing-library/dom/dist/query-helpers.js:[2m76:38[22m[39m
[90m [2m‚ùØ[22m node_modules/@testing-library/dom/dist/query-helpers.js:[2m52:17[22m[39m
[90m [2m‚ùØ[22m node_modules/@testing-library/dom/dist/query-helpers.js:[2m95:19[22m[39m
[36m [2m‚ùØ[22m test/unit/renderer/components/UpdateNotification.test.jsx:[2m70:21[22m[39m
    [90m 68| [39m      )[33m;[39m
    [90m 69| [39m
    [90m 70| [39m      [34mexpect[39m(screen[33m.[39m[34mgetByText[39m([32m"What's new?"[39m))[33m.[39m[34mtoBeInTheDocument[39m()[33m;[39m
    [90m   | [39m                    [31m^[39m
    [90m 71| [39m      expect(screen.getByText('Bug fixes and improvements')).toBeInThe‚Ä¶
    [90m 72| [39m    })[33m;[39m

[31m[2m‚éØ‚éØ‚éØ‚éØ‚éØ‚éØ‚éØ‚éØ‚éØ‚éØ‚éØ‚éØ‚éØ‚éØ‚éØ‚éØ‚éØ‚éØ‚éØ‚éØ‚éØ‚éØ[15/23]‚éØ[22m[39m

[41m[1m FAIL [22m[49m test/unit/renderer/components/UpdateNotification.test.jsx[2m > [22mUpdateNotification Component[2m > [22mdownloading status[2m > [22mshould display downloading message
[31m[1mTestingLibraryElementError[22m: Unable to find an element with the text: Downloading Update. This could be because the text is broken up by multiple elements. In this case, you can provide a function for your text matcher to make your matcher more flexible.

Ignored nodes: comments, script, style
[36m<body>[31m
  [36m<div>[31m
    [36m<div[31m
      [33mclass[31m=[32m"fixed top-4 right-4 z-50 w-96 max-w-[calc(100vw-2rem)] animate-in slide-in-from-top-2"[31m
    [36m>[31m
      [36m<div[31m
        [33mclass[31m=[32m"relative w-full rounded-lg border p-4 [&>svg~*]:pl-7 [&>svg+div]:translate-y-[-3px] [&>svg]:absolute [&>svg]:left-4 [&>svg]:top-4 border-blue-200 bg-blue-50 text-blue-900 [&>svg]:text-blue-600"[31m
        [33mrole[31m=[32m"alert"[31m
      [36m>[31m
        [36m<h5[31m
          [33mclass[31m=[32m"mb-1 font-medium leading-none tracking-tight"[31m
        [36m>[31m
          [0mupdate.download.title[0m
        [36m</h5>[31m
        [36m<div[31m
          [33mclass[31m=[32m"text-sm [&_p]:leading-relaxed"[31m
        [36m>[31m
          [36m<p[31m
            [33mclass[31m=[32m"mb-2"[31m
          [36m>[31m
            [0mupdate.download.message[0m
          [36m</p>[31m
          [36m<div[31m
            [33mclass[31m=[32m"mb-3"[31m
          [36m>[31m
            [36m<div[31m
              [33mclass[31m=[32m"flex justify-between text-xs mb-1"[31m
            [36m>[31m
              [36m<span>[31m
                [0m50[0m
                [0m%[0m
              [36m</span>[31m
              [36m<span>[31m
                [0m4.8 MB[0m
                [0m / [0m
                [0m9.5 MB[0m
              [36m</span>[31m
            [36m</div>[31m
            [36m<div[31m
              [33mclass[31m=[32m"w-full bg-gray-200 rounded-full h-2"[31m
            [36m>[31m
              [36m<div[31m
                [33mclass[31m=[32m"bg-blue-600 h-2 rounded-full transition-all duration-300"[31m
                [33mstyle[31m=[32m"width: 50%;"[31m
              [36m/>[31m
            [36m</div>[31m
          [36m</div>[31m
          [36m<button[31m
            [33mclass[31m=[32m"inline-flex items-center justify-center whitespace-nowrap rounded-md font-medium ring-offset-background transition-colors focus-visible:outline-none focus-visible:ring-2 focus-visible:ring-ring focus-visible:ring-offset-2 disabled:pointer-events-none disabled:opacity-50 border border-input bg-background hover:bg-accent hover:text-accent-foreground h-8 px-3 text-xs"[31m
          [36m>[31m
            [0mupdate.download.hide[0m
          [36m</button>[31m
        [36m</div>[31m
      [36m</div>[31m
    [36m</div>[31m
  [36m</div>[31m
[36m</body>[31m[39m
[90m [2m‚ùØ[22m Object.getElementError node_modules/@testing-library/dom/dist/config.js:[2m37:19[22m[39m
[90m [2m‚ùØ[22m node_modules/@testing-library/dom/dist/query-helpers.js:[2m76:38[22m[39m
[90m [2m‚ùØ[22m node_modules/@testing-library/dom/dist/query-helpers.js:[2m52:17[22m[39m
[90m [2m‚ùØ[22m node_modules/@testing-library/dom/dist/query-helpers.js:[2m95:19[22m[39m
[36m [2m‚ùØ[22m test/unit/renderer/components/UpdateNotification.test.jsx:[2m133:21[22m[39m
    [90m131| [39m      )[33m;[39m
    [90m132| [39m
    [90m133| [39m      expect(screen.getByText('Downloading Update')).toBeInTheDocument‚Ä¶
    [90m   | [39m                    [31m^[39m
    [90m134| [39m      expect(screen.getByText(/Downloading version 2.0.0/i)).toBeInThe‚Ä¶
    [90m135| [39m    })[33m;[39m

[31m[2m‚éØ‚éØ‚éØ‚éØ‚éØ‚éØ‚éØ‚éØ‚éØ‚éØ‚éØ‚éØ‚éØ‚éØ‚éØ‚éØ‚éØ‚éØ‚éØ‚éØ‚éØ‚éØ[16/23]‚éØ[22m[39m

[41m[1m FAIL [22m[49m test/unit/renderer/components/UpdateNotification.test.jsx[2m > [22mUpdateNotification Component[2m > [22mready status[2m > [22mshould display ready to install message
[31m[1mTestingLibraryElementError[22m: Unable to find an element with the text: Update Ready to Install. This could be because the text is broken up by multiple elements. In this case, you can provide a function for your text matcher to make your matcher more flexible.

Ignored nodes: comments, script, style
[36m<body>[31m
  [36m<div>[31m
    [36m<div[31m
      [33mclass[31m=[32m"fixed top-4 right-4 z-50 w-96 max-w-[calc(100vw-2rem)] animate-in slide-in-from-top-2"[31m
    [36m>[31m
      [36m<div[31m
        [33mclass[31m=[32m"relative w-full rounded-lg border p-4 [&>svg~*]:pl-7 [&>svg+div]:translate-y-[-3px] [&>svg]:absolute [&>svg]:left-4 [&>svg]:top-4 border-green-200 bg-green-50 text-green-900 [&>svg]:text-green-600"[31m
        [33mrole[31m=[32m"alert"[31m
      [36m>[31m
        [36m<h5[31m
          [33mclass[31m=[32m"mb-1 font-medium leading-none tracking-tight"[31m
        [36m>[31m
          [0mupdate.ready.title[0m
        [36m</h5>[31m
        [36m<div[31m
          [33mclass[31m=[32m"text-sm [&_p]:leading-relaxed"[31m
        [36m>[31m
          [36m<p[31m
            [33mclass[31m=[32m"mb-3"[31m
          [36m>[31m
            [0mupdate.ready.message[0m
          [36m</p>[31m
          [36m<div[31m
            [33mclass[31m=[32m"flex gap-2"[31m
          [36m>[31m
            [36m<button[31m
              [33mclass[31m=[32m"inline-flex items-center justify-center whitespace-nowrap rounded-md font-medium ring-offset-background transition-colors focus-visible:outline-none focus-visible:ring-2 focus-visible:ring-ring focus-visible:ring-offset-2 disabled:pointer-events-none disabled:opacity-50 bg-primary text-primary-foreground hover:bg-primary/90 active:bg-primary/80 h-8 px-3 text-xs"[31m
            [36m>[31m
              [0mupdate.ready.install[0m
            [36m</button>[31m
            [36m<button[31m
              [33mclass[31m=[32m"inline-flex items-center justify-center whitespace-nowrap rounded-md font-medium ring-offset-background transition-colors focus-visible:outline-none focus-visible:ring-2 focus-visible:ring-ring focus-visible:ring-offset-2 disabled:pointer-events-none disabled:opacity-50 border border-input bg-background hover:bg-accent hover:text-accent-foreground h-8 px-3 text-xs"[31m
            [36m>[31m
              [0mupdate.later[0m
            [36m</button>[31m
          [36m</div>[31m
        [36m</div>[31m
      [36m</div>[31m
    [36m</div>[31m
  [36m</div>[31m
[36m</body>[31m[39m
[90m [2m‚ùØ[22m Object.getElementError node_modules/@testing-library/dom/dist/config.js:[2m37:19[22m[39m
[90m [2m‚ùØ[22m node_modules/@testing-library/dom/dist/query-helpers.js:[2m76:38[22m[39m
[90m [2m‚ùØ[22m node_modules/@testing-library/dom/dist/query-helpers.js:[2m52:17[22m[39m
[90m [2m‚ùØ[22m node_modules/@testing-library/dom/dist/query-helpers.js:[2m95:19[22m[39m
[36m [2m‚ùØ[22m test/unit/renderer/components/UpdateNotification.test.jsx:[2m194:21[22m[39m
    [90m192| [39m      )[33m;[39m
    [90m193| [39m
    [90m194| [39m      expect(screen.getByText('Update Ready to Install')).toBeInTheDoc‚Ä¶
    [90m   | [39m                    [31m^[39m
    [90m195| [39m      expect(screen.getByText(/Version 2.0.0 has been downloaded/i)).t‚Ä¶
    [90m196| [39m    })[33m;[39m

[31m[2m‚éØ‚éØ‚éØ‚éØ‚éØ‚éØ‚éØ‚éØ‚éØ‚éØ‚éØ‚éØ‚éØ‚éØ‚éØ‚éØ‚éØ‚éØ‚éØ‚éØ‚éØ‚éØ[17/23]‚éØ[22m[39m

[41m[1m FAIL [22m[49m test/unit/renderer/components/UpdateNotification.test.jsx[2m > [22mUpdateNotification Component[2m > [22mready status[2m > [22mshould have Install & Restart and Later buttons
[31m[1mTestingLibraryElementError[22m: Unable to find an accessible element with the role "button" and name `/Install & Restart/i`

Here are the accessible roles:

  alert:

  Name "":
  [36m<div[31m
    [33mclass[31m=[32m"relative w-full rounded-lg border p-4 [&>svg~*]:pl-7 [&>svg+div]:translate-y-[-3px] [&>svg]:absolute [&>svg]:left-4 [&>svg]:top-4 border-green-200 bg-green-50 text-green-900 [&>svg]:text-green-600"[31m
    [33mrole[31m=[32m"alert"[31m
  [36m/>[31m

  --------------------------------------------------
  heading:

  Name "update.ready.title":
  [36m<h5[31m
    [33mclass[31m=[32m"mb-1 font-medium leading-none tracking-tight"[31m
  [36m/>[31m

  --------------------------------------------------
  paragraph:

  Name "":
  [36m<p[31m
    [33mclass[31m=[32m"mb-3"[31m
  [36m/>[31m

  --------------------------------------------------
  button:

  Name "update.ready.install":
  [36m<button[31m
    [33mclass[31m=[32m"inline-flex items-center justify-center whitespace-nowrap rounded-md font-medium ring-offset-background transition-colors focus-visible:outline-none focus-visible:ring-2 focus-visible:ring-ring focus-visible:ring-offset-2 disabled:pointer-events-none disabled:opacity-50 bg-primary text-primary-foreground hover:bg-primary/90 active:bg-primary/80 h-8 px-3 text-xs"[31m
  [36m/>[31m

  Name "update.later":
  [36m<button[31m
    [33mclass[31m=[32m"inline-flex items-center justify-center whitespace-nowrap rounded-md font-medium ring-offset-background transition-colors focus-visible:outline-none focus-visible:ring-2 focus-visible:ring-ring focus-visible:ring-offset-2 disabled:pointer-events-none disabled:opacity-50 border border-input bg-background hover:bg-accent hover:text-accent-foreground h-8 px-3 text-xs"[31m
  [36m/>[31m

  --------------------------------------------------

Ignored nodes: comments, script, style
[36m<body>[31m
  [36m<div>[31m
    [36m<div[31m
      [33mclass[31m=[32m"fixed top-4 right-4 z-50 w-96 max-w-[calc(100vw-2rem)] animate-in slide-in-from-top-2"[31m
    [36m>[31m
      [36m<div[31m
        [33mclass[31m=[32m"relative w-full rounded-lg border p-4 [&>svg~*]:pl-7 [&>svg+div]:translate-y-[-3px] [&>svg]:absolute [&>svg]:left-4 [&>svg]:top-4 border-green-200 bg-green-50 text-green-900 [&>svg]:text-green-600"[31m
        [33mrole[31m=[32m"alert"[31m
      [36m>[31m
        [36m<h5[31m
          [33mclass[31m=[32m"mb-1 font-medium leading-none tracking-tight"[31m
        [36m>[31m
          [0mupdate.ready.title[0m
        [36m</h5>[31m
        [36m<div[31m
          [33mclass[31m=[32m"text-sm [&_p]:leading-relaxed"[31m
        [36m>[31m
          [36m<p[31m
            [33mclass[31m=[32m"mb-3"[31m
          [36m>[31m
            [0mupdate.ready.message[0m
          [36m</p>[31m
          [36m<div[31m
            [33mclass[31m=[32m"flex gap-2"[31m
          [36m>[31m
            [36m<button[31m
              [33mclass[31m=[32m"inline-flex items-center justify-center whitespace-nowrap rounded-md font-medium ring-offset-background transition-colors focus-visible:outline-none focus-visible:ring-2 focus-visible:ring-ring focus-visible:ring-offset-2 disabled:pointer-events-none disabled:opacity-50 bg-primary text-primary-foreground hover:bg-primary/90 active:bg-primary/80 h-8 px-3 text-xs"[31m
            [36m>[31m
              [0mupdate.ready.install[0m
            [36m</button>[31m
            [36m<button[31m
              [33mclass[31m=[32m"inline-flex items-center justify-center whitespace-nowrap rounded-md font-medium ring-offset-background transition-colors focus-visible:outline-none focus-visible:ring-2 focus-visible:ring-ring focus-visible:ring-offset-2 disabled:pointer-events-none disabled:opacity-50 border border-input bg-background hover:bg-accent hover:text-accent-foreground h-8 px-3 text-xs"[31m
            [36m>[31m
              [0mupdate.later[0m
            [36m</button>[31m
          [36m</div>[31m
        [36m</div>[31m
      [36m</div>[31m
    [36m</div>[31m
  [36m</div>[31m
[36m</body>[31m[39m
[90m [2m‚ùØ[22m Object.getElementError node_modules/@testing-library/dom/dist/config.js:[2m37:19[22m[39m
[90m [2m‚ùØ[22m node_modules/@testing-library/dom/dist/query-helpers.js:[2m76:38[22m[39m
[90m [2m‚ùØ[22m node_modules/@testing-library/dom/dist/query-helpers.js:[2m52:17[22m[39m
[90m [2m‚ùØ[22m node_modules/@testing-library/dom/dist/query-helpers.js:[2m95:19[22m[39m
[36m [2m‚ùØ[22m test/unit/renderer/components/UpdateNotification.test.jsx:[2m208:21[22m[39m
    [90m206| [39m      )[33m;[39m
    [90m207| [39m
    [90m208| [39m      expect(screen.getByRole('button', { name: /Install & Restart/i }‚Ä¶
    [90m   | [39m                    [31m^[39m
    [90m209| [39m      expect(screen.getByRole('button', { name: /Later/i })).toBeInThe‚Ä¶
    [90m210| [39m    })[33m;[39m

[31m[2m‚éØ‚éØ‚éØ‚éØ‚éØ‚éØ‚éØ‚éØ‚éØ‚éØ‚éØ‚éØ‚éØ‚éØ‚éØ‚éØ‚éØ‚éØ‚éØ‚éØ‚éØ‚éØ[18/23]‚éØ[22m[39m

[41m[1m FAIL [22m[49m test/unit/renderer/components/UpdateNotification.test.jsx[2m > [22mUpdateNotification Component[2m > [22mready status[2m > [22mshould call onInstall when Install & Restart is clicked
[31m[1mTestingLibraryElementError[22m: Unable to find an accessible element with the role "button" and name `/Install & Restart/i`

Here are the accessible roles:

  alert:

  Name "":
  [36m<div[31m
    [33mclass[31m=[32m"relative w-full rounded-lg border p-4 [&>svg~*]:pl-7 [&>svg+div]:translate-y-[-3px] [&>svg]:absolute [&>svg]:left-4 [&>svg]:top-4 border-green-200 bg-green-50 text-green-900 [&>svg]:text-green-600"[31m
    [33mrole[31m=[32m"alert"[31m
  [36m/>[31m

  --------------------------------------------------
  heading:

  Name "update.ready.title":
  [36m<h5[31m
    [33mclass[31m=[32m"mb-1 font-medium leading-none tracking-tight"[31m
  [36m/>[31m

  --------------------------------------------------
  paragraph:

  Name "":
  [36m<p[31m
    [33mclass[31m=[32m"mb-3"[31m
  [36m/>[31m

  --------------------------------------------------
  button:

  Name "update.ready.install":
  [36m<button[31m
    [33mclass[31m=[32m"inline-flex items-center justify-center whitespace-nowrap rounded-md font-medium ring-offset-background transition-colors focus-visible:outline-none focus-visible:ring-2 focus-visible:ring-ring focus-visible:ring-offset-2 disabled:pointer-events-none disabled:opacity-50 bg-primary text-primary-foreground hover:bg-primary/90 active:bg-primary/80 h-8 px-3 text-xs"[31m
  [36m/>[31m

  Name "update.later":
  [36m<button[31m
    [33mclass[31m=[32m"inline-flex items-center justify-center whitespace-nowrap rounded-md font-medium ring-offset-background transition-colors focus-visible:outline-none focus-visible:ring-2 focus-visible:ring-ring focus-visible:ring-offset-2 disabled:pointer-events-none disabled:opacity-50 border border-input bg-background hover:bg-accent hover:text-accent-foreground h-8 px-3 text-xs"[31m
  [36m/>[31m

  --------------------------------------------------

Ignored nodes: comments, script, style
[36m<body>[31m
  [36m<div>[31m
    [36m<div[31m
      [33mclass[31m=[32m"fixed top-4 right-4 z-50 w-96 max-w-[calc(100vw-2rem)] animate-in slide-in-from-top-2"[31m
    [36m>[31m
      [36m<div[31m
        [33mclass[31m=[32m"relative w-full rounded-lg border p-4 [&>svg~*]:pl-7 [&>svg+div]:translate-y-[-3px] [&>svg]:absolute [&>svg]:left-4 [&>svg]:top-4 border-green-200 bg-green-50 text-green-900 [&>svg]:text-green-600"[31m
        [33mrole[31m=[32m"alert"[31m
      [36m>[31m
        [36m<h5[31m
          [33mclass[31m=[32m"mb-1 font-medium leading-none tracking-tight"[31m
        [36m>[31m
          [0mupdate.ready.title[0m
        [36m</h5>[31m
        [36m<div[31m
          [33mclass[31m=[32m"text-sm [&_p]:leading-relaxed"[31m
        [36m>[31m
          [36m<p[31m
            [33mclass[31m=[32m"mb-3"[31m
          [36m>[31m
            [0mupdate.ready.message[0m
          [36m</p>[31m
          [36m<div[31m
            [33mclass[31m=[32m"flex gap-2"[31m
          [36m>[31m
            [36m<button[31m
              [33mclass[31m=[32m"inline-flex items-center justify-center whitespace-nowrap rounded-md font-medium ring-offset-background transition-colors focus-visible:outline-none focus-visible:ring-2 focus-visible:ring-ring focus-visible:ring-offset-2 disabled:pointer-events-none disabled:opacity-50 bg-primary text-primary-foreground hover:bg-primary/90 active:bg-primary/80 h-8 px-3 text-xs"[31m
            [36m>[31m
              [0mupdate.ready.install[0m
            [36m</button>[31m
            [36m<button[31m
              [33mclass[31m=[32m"inline-flex items-center justify-center whitespace-nowrap rounded-md font-medium ring-offset-background transition-colors focus-visible:outline-none focus-visible:ring-2 focus-visible:ring-ring focus-visible:ring-offset-2 disabled:pointer-events-none disabled:opacity-50 border border-input bg-background hover:bg-accent hover:text-accent-foreground h-8 px-3 text-xs"[31m
            [36m>[31m
              [0mupdate.later[0m
            [36m</button>[31m
          [36m</div>[31m
        [36m</div>[31m
      [36m</div>[31m
    [36m</div>[31m
  [36m</div>[31m
[36m</body>[31m[39m
[90m [2m‚ùØ[22m Object.getElementError node_modules/@testing-library/dom/dist/config.js:[2m37:19[22m[39m
[90m [2m‚ùØ[22m node_modules/@testing-library/dom/dist/query-helpers.js:[2m76:38[22m[39m
[90m [2m‚ùØ[22m node_modules/@testing-library/dom/dist/query-helpers.js:[2m52:17[22m[39m
[90m [2m‚ùØ[22m node_modules/@testing-library/dom/dist/query-helpers.js:[2m95:19[22m[39m
[36m [2m‚ùØ[22m test/unit/renderer/components/UpdateNotification.test.jsx:[2m222:36[22m[39m
    [90m220| [39m      )[33m;[39m
    [90m221| [39m
    [90m222| [39m      const installButton = screen.getByRole('button', { name: /Instal‚Ä¶
    [90m   | [39m                                   [31m^[39m
    [90m223| [39m      fireEvent[33m.[39m[34mclick[39m(installButton)[33m;[39m
    [90m224| [39m

[31m[2m‚éØ‚éØ‚éØ‚éØ‚éØ‚éØ‚éØ‚éØ‚éØ‚éØ‚éØ‚éØ‚éØ‚éØ‚éØ‚éØ‚éØ‚éØ‚éØ‚éØ‚éØ‚éØ[19/23]‚éØ[22m[39m

[41m[1m FAIL [22m[49m test/unit/renderer/contexts/ShortcutContext.test.jsx[2m > [22mShortcutContext[2m > [22mshould detect conflicts (console warn)
[31m[1mAssertionError[22m: expected "warn" to be called with arguments: [ Array(1) ][90m

Number of calls: [1m0[22m
[31m[39m
[36m [2m‚ùØ[22m test/unit/renderer/contexts/ShortcutContext.test.jsx:[2m101:24[22m[39m
    [90m 99| [39m    )[33m;[39m
    [90m100| [39m
    [90m101| [39m    expect(consoleSpy).toHaveBeenCalledWith(expect.stringContaining('c‚Ä¶
    [90m   | [39m                       [31m^[39m
    [90m102| [39m    consoleSpy[33m.[39m[34mmockRestore[39m()[33m;[39m
    [90m103| [39m  })[33m;[39m

[31m[2m‚éØ‚éØ‚éØ‚éØ‚éØ‚éØ‚éØ‚éØ‚éØ‚éØ‚éØ‚éØ‚éØ‚éØ‚éØ‚éØ‚éØ‚éØ‚éØ‚éØ‚éØ‚éØ[20/23]‚éØ[22m[39m

[41m[1m FAIL [22m[49m test/unit/renderer/hooks/useStatusBar.test.jsx[2m > [22museStatusBar Hook[2m > [22mshould throttle updates to max 1 per second
[31m[1mAssertionError[22m: expected "vi.fn()" to not be called at all, but actually been called 1 times[90m

Received: 

[1m  1st vi.fn() call:

[22m    Array [
      "test1",
      Object {
        "content": "Update 2",
      },
    ]
[31m[90m

Number of calls: [1m1[22m
[31m[39m
[36m [2m‚ùØ[22m test/unit/renderer/hooks/useStatusBar.test.jsx:[2m72:32[22m[39m
    [90m 70| [39m      result[33m.[39mcurrent[33m.[39m[34mupdate[39m({ content[33m:[39m [32m'Update 2'[39m })[33m;[39m
    [90m 71| [39m    })[33m;[39m
    [90m 72| [39m    [34mexpect[39m(mockUpdateItem)[33m.[39mnot[33m.[39m[34mtoHaveBeenCalled[39m()[33m;[39m
    [90m   | [39m                               [31m^[39m
    [90m 73| [39m
    [90m 74| [39m    // Third update within 1s should also be throttled (overwrites pen‚Ä¶

[31m[2m‚éØ‚éØ‚éØ‚éØ‚éØ‚éØ‚éØ‚éØ‚éØ‚éØ‚éØ‚éØ‚éØ‚éØ‚éØ‚éØ‚éØ‚éØ‚éØ‚éØ‚éØ‚éØ[21/23]‚éØ[22m[39m


[2m Test Files [22m [1m[31m9 failed[39m[22m[2m | [22m[1m[32m10 passed[39m[22m[90m (19)[39m
[2m      Tests [22m [1m[31m21 failed[39m[22m[2m | [22m[1m[32m84 passed[39m[22m[90m (105)[39m
[2m   Start at [22m 17:06:52
[2m   Duration [22m 3.65s[2m (transform 809ms, setup 1.44s, import 14.13s, tests 1.86s, environment 9.07s)[22m

